<?xml version="1.0" encoding="UTF-8"?>
<coverage generated="1772565028941" clover="3.2.0">
  <project timestamp="1772565028941" name="All files">
    <metrics statements="305" coveredstatements="264" conditionals="170" coveredconditionals="145" methods="145" coveredmethods="127" elements="620" coveredelements="536" complexity="0" loc="305" ncloc="305" packages="4" files="17" classes="17"/>
    <package name="ejercicio-1">
      <metrics statements="102" coveredstatements="87" conditionals="40" coveredconditionals="29" methods="51" coveredmethods="46"/>
      <file name="BaseBibliographicItem.ts" path="/home/usuario/prct05-objects-classes-interfaces-IkerMartinG/src/ejercicio-1/BaseBibliographicItem.ts">
        <metrics statements="39" coveredstatements="28" conditionals="36" coveredconditionals="27" methods="10" coveredmethods="9"/>
        <line num="79" count="26" type="stmt"/>
        <line num="80" count="26" type="stmt"/>
        <line num="81" count="26" type="stmt"/>
        <line num="82" count="26" type="stmt"/>
        <line num="83" count="26" type="stmt"/>
        <line num="84" count="26" type="stmt"/>
        <line num="85" count="26" type="stmt"/>
        <line num="87" count="26" type="stmt"/>
        <line num="92" count="10" type="stmt"/>
        <line num="97" count="4" type="stmt"/>
        <line num="102" count="4" type="stmt"/>
        <line num="107" count="0" type="stmt"/>
        <line num="112" count="8" type="stmt"/>
        <line num="117" count="6" type="stmt"/>
        <line num="122" count="5" type="stmt"/>
        <line num="135" count="26" type="cond" truecount="4" falsecount="0"/>
        <line num="136" count="1" type="stmt"/>
        <line num="138" count="25" type="cond" truecount="4" falsecount="0"/>
        <line num="139" count="1" type="stmt"/>
        <line num="143" count="24" type="cond" truecount="4" falsecount="0"/>
        <line num="144" count="1" type="stmt"/>
        <line num="148" count="23" type="cond" truecount="4" falsecount="0"/>
        <line num="149" count="1" type="stmt"/>
        <line num="151" count="22" type="cond" truecount="1" falsecount="1"/>
        <line num="155" count="0" type="stmt"/>
        <line num="159" count="22" type="cond" truecount="3" falsecount="1"/>
        <line num="160" count="0" type="stmt"/>
        <line num="162" count="22" type="cond" truecount="3" falsecount="1"/>
        <line num="163" count="0" type="stmt"/>
        <line num="181" count="5" type="stmt"/>
        <line num="183" count="5" type="cond" truecount="1" falsecount="1"/>
        <line num="184" count="5" type="cond" truecount="1" falsecount="1"/>
        <line num="185" count="0" type="cond" truecount="0" falsecount="2"/>
        <line num="187" count="0" type="stmt"/>
        <line num="188" count="0" type="stmt"/>
        <line num="189" count="0" type="cond" truecount="0" falsecount="2"/>
        <line num="190" count="0" type="stmt"/>
        <line num="192" count="0" type="stmt"/>
        <line num="195" count="0" type="stmt"/>
      </file>
      <file name="BibliographyManager.ts" path="/home/usuario/prct05-objects-classes-interfaces-IkerMartinG/src/ejercicio-1/BibliographyManager.ts">
        <metrics statements="18" coveredstatements="17" conditionals="0" coveredconditionals="0" methods="20" coveredmethods="19"/>
        <line num="18" count="14" type="stmt"/>
        <line num="26" count="14" type="stmt"/>
        <line num="33" count="0" type="stmt"/>
        <line num="42" count="1" type="stmt"/>
        <line num="51" count="1" type="stmt"/>
        <line num="61" count="2" type="stmt"/>
        <line num="62" count="3" type="stmt"/>
        <line num="73" count="2" type="stmt"/>
        <line num="74" count="2" type="stmt"/>
        <line num="85" count="2" type="stmt"/>
        <line num="86" count="2" type="stmt"/>
        <line num="97" count="2" type="stmt"/>
        <line num="98" count="2" type="stmt"/>
        <line num="109" count="2" type="stmt"/>
        <line num="110" count="2" type="stmt"/>
        <line num="120" count="1" type="stmt"/>
        <line num="129" count="1" type="stmt"/>
        <line num="139" count="2" type="stmt"/>
      </file>
      <file name="BookChapter.ts" path="/home/usuario/prct05-objects-classes-interfaces-IkerMartinG/src/ejercicio-1/BookChapter.ts">
        <metrics statements="14" coveredstatements="12" conditionals="2" coveredconditionals="1" methods="6" coveredmethods="4"/>
        <line num="66" count="3" type="stmt"/>
        <line num="76" count="3" type="stmt"/>
        <line num="77" count="3" type="stmt"/>
        <line num="78" count="3" type="stmt"/>
        <line num="79" count="3" type="stmt"/>
        <line num="86" count="1" type="stmt"/>
        <line num="93" count="1" type="stmt"/>
        <line num="100" count="0" type="stmt"/>
        <line num="107" count="0" type="stmt"/>
        <line num="122" count="1" type="stmt"/>
        <line num="123" count="1" type="stmt"/>
        <line num="124" count="1" type="stmt"/>
        <line num="126" count="1" type="cond" truecount="1" falsecount="1"/>
        <line num="128" count="1" type="stmt"/>
      </file>
      <file name="ConferencePaper.ts" path="/home/usuario/prct05-objects-classes-interfaces-IkerMartinG/src/ejercicio-1/ConferencePaper.ts">
        <metrics statements="10" coveredstatements="10" conditionals="0" coveredconditionals="0" methods="5" coveredmethods="5"/>
        <line num="58" count="3" type="stmt"/>
        <line num="68" count="3" type="stmt"/>
        <line num="69" count="3" type="stmt"/>
        <line num="70" count="3" type="stmt"/>
        <line num="77" count="2" type="stmt"/>
        <line num="84" count="2" type="stmt"/>
        <line num="91" count="1" type="stmt"/>
        <line num="106" count="1" type="stmt"/>
        <line num="107" count="1" type="stmt"/>
        <line num="109" count="1" type="stmt"/>
      </file>
      <file name="JournalArticle.ts" path="/home/usuario/prct05-objects-classes-interfaces-IkerMartinG/src/ejercicio-1/JournalArticle.ts">
        <metrics statements="10" coveredstatements="10" conditionals="0" coveredconditionals="0" methods="5" coveredmethods="5"/>
        <line num="58" count="17" type="stmt"/>
        <line num="68" count="17" type="stmt"/>
        <line num="69" count="17" type="stmt"/>
        <line num="70" count="17" type="stmt"/>
        <line num="77" count="3" type="stmt"/>
        <line num="84" count="2" type="stmt"/>
        <line num="91" count="2" type="stmt"/>
        <line num="105" count="2" type="stmt"/>
        <line num="106" count="2" type="stmt"/>
        <line num="108" count="2" type="stmt"/>
      </file>
      <file name="Thesis.ts" path="/home/usuario/prct05-objects-classes-interfaces-IkerMartinG/src/ejercicio-1/Thesis.ts">
        <metrics statements="11" coveredstatements="10" conditionals="2" coveredconditionals="1" methods="5" coveredmethods="4"/>
        <line num="58" count="3" type="stmt"/>
        <line num="68" count="3" type="stmt"/>
        <line num="69" count="3" type="stmt"/>
        <line num="70" count="3" type="stmt"/>
        <line num="77" count="2" type="stmt"/>
        <line num="84" count="2" type="stmt"/>
        <line num="91" count="0" type="stmt"/>
        <line num="105" count="1" type="stmt"/>
        <line num="106" count="1" type="stmt"/>
        <line num="108" count="1" type="cond" truecount="1" falsecount="1"/>
        <line num="110" count="1" type="stmt"/>
      </file>
    </package>
    <package name="ejercicio-2">
      <metrics statements="59" coveredstatements="53" conditionals="54" coveredconditionals="53" methods="14" coveredmethods="11"/>
      <file name="Board.ts" path="/home/usuario/prct05-objects-classes-interfaces-IkerMartinG/src/ejercicio-2/Board.ts">
        <metrics statements="38" coveredstatements="33" conditionals="40" coveredconditionals="39" methods="8" coveredmethods="6"/>
        <line num="5" count="18" type="stmt"/>
        <line num="6" count="18" type="stmt"/>
        <line num="10" count="18" type="stmt"/>
        <line num="11" count="108" type="stmt"/>
        <line num="22" count="67" type="cond" truecount="4" falsecount="0"/>
        <line num="23" count="2" type="stmt"/>
        <line num="25" count="65" type="cond" truecount="4" falsecount="0"/>
        <line num="26" count="1" type="stmt"/>
        <line num="28" count="64" type="cond" truecount="2" falsecount="0"/>
        <line num="30" count="62" type="stmt"/>
        <line num="31" count="143" type="cond" truecount="2" falsecount="0"/>
        <line num="32" count="62" type="stmt"/>
        <line num="33" count="62" type="stmt"/>
        <line num="36" count="0" type="stmt"/>
        <line num="41" count="65" type="cond" truecount="3" falsecount="1"/>
        <line num="42" count="0" type="stmt"/>
        <line num="44" count="65" type="stmt"/>
        <line num="49" count="0" type="stmt"/>
        <line num="50" count="0" type="stmt"/>
        <line num="51" count="0" type="stmt"/>
        <line num="57" count="20" type="stmt"/>
        <line num="58" count="120" type="stmt"/>
        <line num="59" count="474" type="cond" truecount="2" falsecount="0"/>
        <line num="64" count="2" type="stmt"/>
        <line num="69" count="18" type="stmt"/>
        <line num="70" count="54" type="stmt"/>
        <line num="71" count="366" type="cond" truecount="2" falsecount="0"/>
        <line num="76" count="2" type="stmt"/>
        <line num="81" count="16" type="stmt"/>
        <line num="82" count="48" type="stmt"/>
        <line num="83" count="189" type="cond" truecount="2" falsecount="0"/>
        <line num="88" count="1" type="stmt"/>
        <line num="93" count="15" type="stmt"/>
        <line num="94" count="45" type="stmt"/>
        <line num="95" count="177" type="cond" truecount="2" falsecount="0"/>
        <line num="100" count="1" type="stmt"/>
        <line num="104" count="14" type="stmt"/>
        <line num="109" count="3" type="stmt"/>
      </file>
      <file name="GameEngine.ts" path="/home/usuario/prct05-objects-classes-interfaces-IkerMartinG/src/ejercicio-2/GameEngine.ts">
        <metrics statements="15" coveredstatements="14" conditionals="8" coveredconditionals="8" methods="5" coveredmethods="4"/>
        <line num="9" count="7" type="stmt"/>
        <line num="11" count="7" type="stmt"/>
        <line num="14" count="7" type="stmt"/>
        <line num="22" count="18" type="stmt"/>
        <line num="27" count="20" type="cond" truecount="2" falsecount="0"/>
        <line num="32" count="17" type="cond" truecount="2" falsecount="0"/>
        <line num="33" count="1" type="stmt"/>
        <line num="36" count="16" type="stmt"/>
        <line num="37" count="16" type="stmt"/>
        <line num="39" count="16" type="cond" truecount="2" falsecount="0"/>
        <line num="41" count="15" type="stmt"/>
        <line num="43" count="15" type="cond" truecount="2" falsecount="0"/>
        <line num="44" count="14" type="stmt"/>
        <line num="47" count="15" type="stmt"/>
        <line num="52" count="0" type="stmt"/>
      </file>
      <file name="Player.ts" path="/home/usuario/prct05-objects-classes-interfaces-IkerMartinG/src/ejercicio-2/Player.ts">
        <metrics statements="6" coveredstatements="6" conditionals="6" coveredconditionals="6" methods="1" coveredmethods="1"/>
        <line num="13" count="20" type="stmt"/>
        <line num="14" count="20" type="stmt"/>
        <line num="16" count="20" type="cond" truecount="2" falsecount="0"/>
        <line num="17" count="1" type="stmt"/>
        <line num="19" count="19" type="cond" truecount="4" falsecount="0"/>
        <line num="20" count="1" type="stmt"/>
      </file>
    </package>
    <package name="ejercicio-3">
      <metrics statements="64" coveredstatements="47" conditionals="26" coveredconditionals="21" methods="38" coveredmethods="29"/>
      <file name="Chef.ts" path="/home/usuario/prct05-objects-classes-interfaces-IkerMartinG/src/ejercicio-3/Chef.ts">
        <metrics statements="12" coveredstatements="11" conditionals="6" coveredconditionals="5" methods="6" coveredmethods="6"/>
        <line num="12" count="4" type="stmt"/>
        <line num="13" count="4" type="stmt"/>
        <line num="14" count="4" type="stmt"/>
        <line num="15" count="4" type="stmt"/>
        <line num="19" count="9" type="stmt"/>
        <line num="23" count="6" type="stmt"/>
        <line num="27" count="12" type="stmt"/>
        <line num="31" count="7" type="cond" truecount="2" falsecount="0"/>
        <line num="32" count="6" type="cond" truecount="2" falsecount="0"/>
        <line num="33" count="5" type="cond" truecount="1" falsecount="1"/>
        <line num="34" count="0" type="stmt"/>
        <line num="35" count="5" type="stmt"/>
      </file>
      <file name="CookbookManager.ts" path="/home/usuario/prct05-objects-classes-interfaces-IkerMartinG/src/ejercicio-3/CookbookManager.ts">
        <metrics statements="16" coveredstatements="10" conditionals="0" coveredconditionals="0" methods="17" coveredmethods="11"/>
        <line num="9" count="3" type="stmt"/>
        <line num="12" count="3" type="stmt"/>
        <line num="13" count="3" type="stmt"/>
        <line num="18" count="0" type="stmt"/>
        <line num="19" count="0" type="stmt"/>
        <line num="29" count="1" type="stmt"/>
        <line num="30" count="1" type="stmt"/>
        <line num="36" count="1" type="stmt"/>
        <line num="37" count="1" type="stmt"/>
        <line num="42" count="1" type="stmt"/>
        <line num="43" count="1" type="stmt"/>
        <line num="44" count="1" type="stmt"/>
        <line num="49" count="0" type="stmt"/>
        <line num="50" count="0" type="stmt"/>
        <line num="62" count="0" type="stmt"/>
        <line num="63" count="0" type="stmt"/>
      </file>
      <file name="Recipe.ts" path="/home/usuario/prct05-objects-classes-interfaces-IkerMartinG/src/ejercicio-3/Recipe.ts">
        <metrics statements="20" coveredstatements="12" conditionals="12" coveredconditionals="9" methods="8" coveredmethods="6"/>
        <line num="12" count="5" type="stmt"/>
        <line num="13" count="5" type="stmt"/>
        <line num="14" count="5" type="stmt"/>
        <line num="15" count="5" type="stmt"/>
        <line num="19" count="1" type="stmt"/>
        <line num="23" count="0" type="stmt"/>
        <line num="27" count="1" type="stmt"/>
        <line num="32" count="10" type="cond" truecount="2" falsecount="0"/>
        <line num="33" count="9" type="cond" truecount="4" falsecount="0"/>
        <line num="34" count="1" type="stmt"/>
        <line num="36" count="8" type="cond" truecount="3" falsecount="1"/>
        <line num="37" count="0" type="stmt"/>
        <line num="39" count="9" type="stmt"/>
        <line num="44" count="1" type="stmt"/>
        <line num="51" count="0" type="stmt"/>
        <line num="52" count="0" type="stmt"/>
        <line num="54" count="0" type="stmt"/>
        <line num="55" count="0" type="cond" truecount="0" falsecount="2"/>
        <line num="56" count="0" type="stmt"/>
        <line num="59" count="0" type="stmt"/>
      </file>
      <file name="Step.ts" path="/home/usuario/prct05-objects-classes-interfaces-IkerMartinG/src/ejercicio-3/Step.ts">
        <metrics statements="16" coveredstatements="14" conditionals="8" coveredconditionals="7" methods="7" coveredmethods="6"/>
        <line num="20" count="8" type="stmt"/>
        <line num="21" count="8" type="stmt"/>
        <line num="22" count="8" type="stmt"/>
        <line num="23" count="8" type="stmt"/>
        <line num="24" count="8" type="stmt"/>
        <line num="25" count="8" type="stmt"/>
        <line num="29" count="18" type="stmt"/>
        <line num="33" count="16" type="stmt"/>
        <line num="37" count="16" type="stmt"/>
        <line num="41" count="0" type="stmt"/>
        <line num="45" count="14" type="stmt"/>
        <line num="50" count="17" type="cond" truecount="2" falsecount="0"/>
        <line num="51" count="16" type="cond" truecount="2" falsecount="0"/>
        <line num="52" count="15" type="cond" truecount="2" falsecount="0"/>
        <line num="53" count="14" type="cond" truecount="1" falsecount="1"/>
        <line num="54" count="0" type="stmt"/>
      </file>
    </package>
    <package name="ejercicio-4">
      <metrics statements="80" coveredstatements="77" conditionals="50" coveredconditionals="42" methods="42" coveredmethods="41"/>
      <file name="Doctor.ts" path="/home/usuario/prct05-objects-classes-interfaces-IkerMartinG/src/ejercicio-4/Doctor.ts">
        <metrics statements="17" coveredstatements="16" conditionals="8" coveredconditionals="7" methods="11" coveredmethods="11"/>
        <line num="16" count="11" type="stmt"/>
        <line num="17" count="11" type="stmt"/>
        <line num="18" count="11" type="stmt"/>
        <line num="19" count="11" type="stmt"/>
        <line num="23" count="1" type="stmt"/>
        <line num="27" count="1" type="stmt"/>
        <line num="31" count="3" type="stmt"/>
        <line num="36" count="8" type="cond" truecount="2" falsecount="0"/>
        <line num="37" count="2" type="stmt"/>
        <line num="39" count="6" type="stmt"/>
        <line num="44" count="2" type="stmt"/>
        <line num="45" count="2" type="cond" truecount="2" falsecount="0"/>
        <line num="46" count="1" type="stmt"/>
        <line num="48" count="1" type="stmt"/>
        <line num="52" count="1" type="stmt"/>
        <line num="56" count="11" type="cond" truecount="3" falsecount="1"/>
        <line num="57" count="0" type="stmt"/>
      </file>
      <file name="Hospital.ts" path="/home/usuario/prct05-objects-classes-interfaces-IkerMartinG/src/ejercicio-4/Hospital.ts">
        <metrics statements="31" coveredstatements="31" conditionals="18" coveredconditionals="13" methods="17" coveredmethods="17"/>
        <line num="17" count="8" type="stmt"/>
        <line num="18" count="8" type="stmt"/>
        <line num="19" count="8" type="stmt"/>
        <line num="20" count="8" type="stmt"/>
        <line num="24" count="1" type="stmt"/>
        <line num="28" count="1" type="stmt"/>
        <line num="32" count="1" type="stmt"/>
        <line num="36" count="6" type="cond" truecount="2" falsecount="0"/>
        <line num="37" count="1" type="stmt"/>
        <line num="39" count="5" type="stmt"/>
        <line num="43" count="6" type="cond" truecount="2" falsecount="0"/>
        <line num="44" count="1" type="stmt"/>
        <line num="46" count="5" type="stmt"/>
        <line num="50" count="4" type="stmt"/>
        <line num="54" count="7" type="stmt"/>
        <line num="58" count="3" type="stmt"/>
        <line num="59" count="3" type="stmt"/>
        <line num="61" count="3" type="cond" truecount="1" falsecount="1"/>
        <line num="62" count="3" type="cond" truecount="1" falsecount="1"/>
        <line num="64" count="3" type="stmt"/>
        <line num="68" count="1" type="stmt"/>
        <line num="69" count="1" type="cond" truecount="1" falsecount="1"/>
        <line num="70" count="1" type="stmt"/>
        <line num="74" count="1" type="stmt"/>
        <line num="75" count="1" type="cond" truecount="1" falsecount="1"/>
        <line num="76" count="1" type="stmt"/>
        <line num="80" count="1" type="stmt"/>
        <line num="81" count="1" type="cond" truecount="1" falsecount="1"/>
        <line num="82" count="1" type="stmt"/>
        <line num="86" count="8" type="cond" truecount="4" falsecount="0"/>
        <line num="87" count="1" type="stmt"/>
      </file>
      <file name="Patient.ts" path="/home/usuario/prct05-objects-classes-interfaces-IkerMartinG/src/ejercicio-4/Patient.ts">
        <metrics statements="19" coveredstatements="17" conditionals="12" coveredconditionals="10" methods="9" coveredmethods="8"/>
        <line num="23" count="14" type="stmt"/>
        <line num="24" count="14" type="stmt"/>
        <line num="25" count="14" type="stmt"/>
        <line num="26" count="14" type="stmt"/>
        <line num="27" count="14" type="stmt"/>
        <line num="31" count="1" type="stmt"/>
        <line num="35" count="2" type="stmt"/>
        <line num="39" count="5" type="stmt"/>
        <line num="43" count="0" type="stmt"/>
        <line num="48" count="2" type="stmt"/>
        <line num="49" count="2" type="cond" truecount="1" falsecount="1"/>
        <line num="50" count="2" type="cond" truecount="2" falsecount="0"/>
        <line num="51" count="1" type="stmt"/>
        <line num="56" count="2" type="stmt"/>
        <line num="60" count="2" type="stmt"/>
        <line num="64" count="14" type="cond" truecount="4" falsecount="0"/>
        <line num="65" count="1" type="stmt"/>
        <line num="67" count="13" type="cond" truecount="1" falsecount="1"/>
        <line num="68" count="0" type="stmt"/>
      </file>
      <file name="Person.ts" path="/home/usuario/prct05-objects-classes-interfaces-IkerMartinG/src/ejercicio-4/Person.ts">
        <metrics statements="13" coveredstatements="13" conditionals="12" coveredconditionals="12" methods="5" coveredmethods="5"/>
        <line num="25" count="34" type="stmt"/>
        <line num="26" count="34" type="stmt"/>
        <line num="27" count="34" type="stmt"/>
        <line num="28" count="34" type="stmt"/>
        <line num="32" count="35" type="stmt"/>
        <line num="36" count="2" type="stmt"/>
        <line num="40" count="2" type="stmt"/>
        <line num="48" count="34" type="cond" truecount="4" falsecount="0"/>
        <line num="49" count="2" type="stmt"/>
        <line num="51" count="32" type="cond" truecount="4" falsecount="0"/>
        <line num="52" count="2" type="stmt"/>
        <line num="54" count="30" type="cond" truecount="4" falsecount="0"/>
        <line num="55" count="3" type="stmt"/>
      </file>
    </package>
  </project>
</coverage>
