<?xml version="1.0" encoding="UTF-8"?>
<coverage generated="1772485414413" clover="3.2.0">
  <project timestamp="1772485414413" name="All files">
    <metrics statements="212" coveredstatements="185" conditionals="120" coveredconditionals="101" methods="92" coveredmethods="76" elements="424" coveredelements="362" complexity="0" loc="212" ncloc="212" packages="3" files="13" classes="13"/>
    <package name="ejercicio-1">
      <metrics statements="102" coveredstatements="87" conditionals="40" coveredconditionals="29" methods="51" coveredmethods="46"/>
      <file name="BaseBibliographicItem.ts" path="/home/usuario/prct05-objects-classes-interfaces-IkerMartinG/src/ejercicio-1/BaseBibliographicItem.ts">
        <metrics statements="39" coveredstatements="28" conditionals="36" coveredconditionals="27" methods="10" coveredmethods="9"/>
        <line num="79" count="26" type="stmt"/>
        <line num="80" count="26" type="stmt"/>
        <line num="81" count="26" type="stmt"/>
        <line num="82" count="26" type="stmt"/>
        <line num="83" count="26" type="stmt"/>
        <line num="84" count="26" type="stmt"/>
        <line num="85" count="26" type="stmt"/>
        <line num="87" count="26" type="stmt"/>
        <line num="92" count="10" type="stmt"/>
        <line num="97" count="4" type="stmt"/>
        <line num="102" count="4" type="stmt"/>
        <line num="107" count="0" type="stmt"/>
        <line num="112" count="8" type="stmt"/>
        <line num="117" count="6" type="stmt"/>
        <line num="122" count="5" type="stmt"/>
        <line num="135" count="26" type="cond" truecount="4" falsecount="0"/>
        <line num="136" count="1" type="stmt"/>
        <line num="138" count="25" type="cond" truecount="4" falsecount="0"/>
        <line num="139" count="1" type="stmt"/>
        <line num="143" count="24" type="cond" truecount="4" falsecount="0"/>
        <line num="144" count="1" type="stmt"/>
        <line num="148" count="23" type="cond" truecount="4" falsecount="0"/>
        <line num="149" count="1" type="stmt"/>
        <line num="151" count="22" type="cond" truecount="1" falsecount="1"/>
        <line num="155" count="0" type="stmt"/>
        <line num="159" count="22" type="cond" truecount="3" falsecount="1"/>
        <line num="160" count="0" type="stmt"/>
        <line num="162" count="22" type="cond" truecount="3" falsecount="1"/>
        <line num="163" count="0" type="stmt"/>
        <line num="181" count="5" type="stmt"/>
        <line num="183" count="5" type="cond" truecount="1" falsecount="1"/>
        <line num="184" count="5" type="cond" truecount="1" falsecount="1"/>
        <line num="185" count="0" type="cond" truecount="0" falsecount="2"/>
        <line num="187" count="0" type="stmt"/>
        <line num="188" count="0" type="stmt"/>
        <line num="189" count="0" type="cond" truecount="0" falsecount="2"/>
        <line num="190" count="0" type="stmt"/>
        <line num="192" count="0" type="stmt"/>
        <line num="195" count="0" type="stmt"/>
      </file>
      <file name="BibliographyManager.ts" path="/home/usuario/prct05-objects-classes-interfaces-IkerMartinG/src/ejercicio-1/BibliographyManager.ts">
        <metrics statements="18" coveredstatements="17" conditionals="0" coveredconditionals="0" methods="20" coveredmethods="19"/>
        <line num="18" count="14" type="stmt"/>
        <line num="26" count="14" type="stmt"/>
        <line num="33" count="0" type="stmt"/>
        <line num="42" count="1" type="stmt"/>
        <line num="51" count="1" type="stmt"/>
        <line num="61" count="2" type="stmt"/>
        <line num="62" count="3" type="stmt"/>
        <line num="73" count="2" type="stmt"/>
        <line num="74" count="2" type="stmt"/>
        <line num="85" count="2" type="stmt"/>
        <line num="86" count="2" type="stmt"/>
        <line num="97" count="2" type="stmt"/>
        <line num="98" count="2" type="stmt"/>
        <line num="109" count="2" type="stmt"/>
        <line num="110" count="2" type="stmt"/>
        <line num="120" count="1" type="stmt"/>
        <line num="129" count="1" type="stmt"/>
        <line num="139" count="2" type="stmt"/>
      </file>
      <file name="BookChapter.ts" path="/home/usuario/prct05-objects-classes-interfaces-IkerMartinG/src/ejercicio-1/BookChapter.ts">
        <metrics statements="14" coveredstatements="12" conditionals="2" coveredconditionals="1" methods="6" coveredmethods="4"/>
        <line num="66" count="3" type="stmt"/>
        <line num="76" count="3" type="stmt"/>
        <line num="77" count="3" type="stmt"/>
        <line num="78" count="3" type="stmt"/>
        <line num="79" count="3" type="stmt"/>
        <line num="86" count="1" type="stmt"/>
        <line num="93" count="1" type="stmt"/>
        <line num="100" count="0" type="stmt"/>
        <line num="107" count="0" type="stmt"/>
        <line num="122" count="1" type="stmt"/>
        <line num="123" count="1" type="stmt"/>
        <line num="124" count="1" type="stmt"/>
        <line num="126" count="1" type="cond" truecount="1" falsecount="1"/>
        <line num="128" count="1" type="stmt"/>
      </file>
      <file name="ConferencePaper.ts" path="/home/usuario/prct05-objects-classes-interfaces-IkerMartinG/src/ejercicio-1/ConferencePaper.ts">
        <metrics statements="10" coveredstatements="10" conditionals="0" coveredconditionals="0" methods="5" coveredmethods="5"/>
        <line num="58" count="3" type="stmt"/>
        <line num="68" count="3" type="stmt"/>
        <line num="69" count="3" type="stmt"/>
        <line num="70" count="3" type="stmt"/>
        <line num="77" count="2" type="stmt"/>
        <line num="84" count="2" type="stmt"/>
        <line num="91" count="1" type="stmt"/>
        <line num="106" count="1" type="stmt"/>
        <line num="107" count="1" type="stmt"/>
        <line num="109" count="1" type="stmt"/>
      </file>
      <file name="JournalArticle.ts" path="/home/usuario/prct05-objects-classes-interfaces-IkerMartinG/src/ejercicio-1/JournalArticle.ts">
        <metrics statements="10" coveredstatements="10" conditionals="0" coveredconditionals="0" methods="5" coveredmethods="5"/>
        <line num="58" count="17" type="stmt"/>
        <line num="68" count="17" type="stmt"/>
        <line num="69" count="17" type="stmt"/>
        <line num="70" count="17" type="stmt"/>
        <line num="77" count="3" type="stmt"/>
        <line num="84" count="2" type="stmt"/>
        <line num="91" count="2" type="stmt"/>
        <line num="105" count="2" type="stmt"/>
        <line num="106" count="2" type="stmt"/>
        <line num="108" count="2" type="stmt"/>
      </file>
      <file name="Thesis.ts" path="/home/usuario/prct05-objects-classes-interfaces-IkerMartinG/src/ejercicio-1/Thesis.ts">
        <metrics statements="11" coveredstatements="10" conditionals="2" coveredconditionals="1" methods="5" coveredmethods="4"/>
        <line num="58" count="3" type="stmt"/>
        <line num="68" count="3" type="stmt"/>
        <line num="69" count="3" type="stmt"/>
        <line num="70" count="3" type="stmt"/>
        <line num="77" count="2" type="stmt"/>
        <line num="84" count="2" type="stmt"/>
        <line num="91" count="0" type="stmt"/>
        <line num="105" count="1" type="stmt"/>
        <line num="106" count="1" type="stmt"/>
        <line num="108" count="1" type="cond" truecount="1" falsecount="1"/>
        <line num="110" count="1" type="stmt"/>
      </file>
    </package>
    <package name="ejercicio-2">
      <metrics statements="59" coveredstatements="53" conditionals="54" coveredconditionals="53" methods="14" coveredmethods="11"/>
      <file name="Board.ts" path="/home/usuario/prct05-objects-classes-interfaces-IkerMartinG/src/ejercicio-2/Board.ts">
        <metrics statements="38" coveredstatements="33" conditionals="40" coveredconditionals="39" methods="8" coveredmethods="6"/>
        <line num="5" count="18" type="stmt"/>
        <line num="6" count="18" type="stmt"/>
        <line num="10" count="18" type="stmt"/>
        <line num="11" count="108" type="stmt"/>
        <line num="22" count="67" type="cond" truecount="4" falsecount="0"/>
        <line num="23" count="2" type="stmt"/>
        <line num="25" count="65" type="cond" truecount="4" falsecount="0"/>
        <line num="26" count="1" type="stmt"/>
        <line num="28" count="64" type="cond" truecount="2" falsecount="0"/>
        <line num="30" count="62" type="stmt"/>
        <line num="31" count="143" type="cond" truecount="2" falsecount="0"/>
        <line num="32" count="62" type="stmt"/>
        <line num="33" count="62" type="stmt"/>
        <line num="36" count="0" type="stmt"/>
        <line num="41" count="65" type="cond" truecount="3" falsecount="1"/>
        <line num="42" count="0" type="stmt"/>
        <line num="44" count="65" type="stmt"/>
        <line num="49" count="0" type="stmt"/>
        <line num="50" count="0" type="stmt"/>
        <line num="51" count="0" type="stmt"/>
        <line num="57" count="20" type="stmt"/>
        <line num="58" count="120" type="stmt"/>
        <line num="59" count="474" type="cond" truecount="2" falsecount="0"/>
        <line num="64" count="2" type="stmt"/>
        <line num="69" count="18" type="stmt"/>
        <line num="70" count="54" type="stmt"/>
        <line num="71" count="366" type="cond" truecount="2" falsecount="0"/>
        <line num="76" count="2" type="stmt"/>
        <line num="81" count="16" type="stmt"/>
        <line num="82" count="48" type="stmt"/>
        <line num="83" count="189" type="cond" truecount="2" falsecount="0"/>
        <line num="88" count="1" type="stmt"/>
        <line num="93" count="15" type="stmt"/>
        <line num="94" count="45" type="stmt"/>
        <line num="95" count="177" type="cond" truecount="2" falsecount="0"/>
        <line num="100" count="1" type="stmt"/>
        <line num="104" count="14" type="stmt"/>
        <line num="109" count="3" type="stmt"/>
      </file>
      <file name="GameEngine.ts" path="/home/usuario/prct05-objects-classes-interfaces-IkerMartinG/src/ejercicio-2/GameEngine.ts">
        <metrics statements="15" coveredstatements="14" conditionals="8" coveredconditionals="8" methods="5" coveredmethods="4"/>
        <line num="9" count="7" type="stmt"/>
        <line num="11" count="7" type="stmt"/>
        <line num="14" count="7" type="stmt"/>
        <line num="22" count="18" type="stmt"/>
        <line num="27" count="20" type="cond" truecount="2" falsecount="0"/>
        <line num="32" count="17" type="cond" truecount="2" falsecount="0"/>
        <line num="33" count="1" type="stmt"/>
        <line num="36" count="16" type="stmt"/>
        <line num="37" count="16" type="stmt"/>
        <line num="39" count="16" type="cond" truecount="2" falsecount="0"/>
        <line num="41" count="15" type="stmt"/>
        <line num="43" count="15" type="cond" truecount="2" falsecount="0"/>
        <line num="44" count="14" type="stmt"/>
        <line num="47" count="15" type="stmt"/>
        <line num="52" count="0" type="stmt"/>
      </file>
      <file name="Player.ts" path="/home/usuario/prct05-objects-classes-interfaces-IkerMartinG/src/ejercicio-2/Player.ts">
        <metrics statements="6" coveredstatements="6" conditionals="6" coveredconditionals="6" methods="1" coveredmethods="1"/>
        <line num="13" count="20" type="stmt"/>
        <line num="14" count="20" type="stmt"/>
        <line num="16" count="20" type="cond" truecount="2" falsecount="0"/>
        <line num="17" count="1" type="stmt"/>
        <line num="19" count="19" type="cond" truecount="4" falsecount="0"/>
        <line num="20" count="1" type="stmt"/>
      </file>
    </package>
    <package name="ejercicio-3">
      <metrics statements="51" coveredstatements="45" conditionals="26" coveredconditionals="19" methods="27" coveredmethods="19"/>
      <file name="Chef.ts" path="/home/usuario/prct05-objects-classes-interfaces-IkerMartinG/src/ejercicio-3/Chef.ts">
        <metrics statements="8" coveredstatements="8" conditionals="6" coveredconditionals="4" methods="3" coveredmethods="3"/>
        <line num="9" count="3" type="stmt"/>
        <line num="10" count="3" type="stmt"/>
        <line num="11" count="3" type="stmt"/>
        <line num="13" count="3" type="stmt"/>
        <line num="17" count="5" type="cond" truecount="1" falsecount="1"/>
        <line num="18" count="5" type="cond" truecount="2" falsecount="0"/>
        <line num="19" count="4" type="cond" truecount="1" falsecount="1"/>
        <line num="20" count="4" type="stmt"/>
      </file>
      <file name="CookbookManager.ts" path="/home/usuario/prct05-objects-classes-interfaces-IkerMartinG/src/ejercicio-3/CookbookManager.ts">
        <metrics statements="16" coveredstatements="11" conditionals="0" coveredconditionals="0" methods="17" coveredmethods="9"/>
        <line num="9" count="4" type="stmt"/>
        <line num="12" count="2" type="stmt"/>
        <line num="13" count="2" type="stmt"/>
        <line num="18" count="1" type="stmt"/>
        <line num="19" count="1" type="stmt"/>
        <line num="29" count="1" type="stmt"/>
        <line num="30" count="1" type="stmt"/>
        <line num="36" count="0" type="stmt"/>
        <line num="37" count="0" type="stmt"/>
        <line num="42" count="0" type="stmt"/>
        <line num="43" count="0" type="stmt"/>
        <line num="44" count="0" type="stmt"/>
        <line num="49" count="1" type="stmt"/>
        <line num="50" count="1" type="stmt"/>
        <line num="62" count="1" type="stmt"/>
        <line num="63" count="1" type="stmt"/>
      </file>
      <file name="Recipe.ts" path="/home/usuario/prct05-objects-classes-interfaces-IkerMartinG/src/ejercicio-3/Recipe.ts">
        <metrics statements="17" coveredstatements="16" conditionals="12" coveredconditionals="10" methods="5" coveredmethods="5"/>
        <line num="9" count="5" type="stmt"/>
        <line num="10" count="5" type="stmt"/>
        <line num="11" count="5" type="stmt"/>
        <line num="13" count="5" type="stmt"/>
        <line num="18" count="9" type="cond" truecount="1" falsecount="1"/>
        <line num="19" count="9" type="cond" truecount="4" falsecount="0"/>
        <line num="20" count="1" type="stmt"/>
        <line num="22" count="8" type="cond" truecount="3" falsecount="1"/>
        <line num="23" count="0" type="stmt"/>
        <line num="25" count="10" type="stmt"/>
        <line num="30" count="1" type="stmt"/>
        <line num="37" count="3" type="stmt"/>
        <line num="38" count="3" type="stmt"/>
        <line num="40" count="3" type="stmt"/>
        <line num="41" count="4" type="cond" truecount="2" falsecount="0"/>
        <line num="42" count="4" type="stmt"/>
        <line num="45" count="3" type="stmt"/>
      </file>
      <file name="Step.ts" path="/home/usuario/prct05-objects-classes-interfaces-IkerMartinG/src/ejercicio-3/Step.ts">
        <metrics statements="10" coveredstatements="10" conditionals="8" coveredconditionals="5" methods="2" coveredmethods="2"/>
        <line num="8" count="6" type="stmt"/>
        <line num="9" count="6" type="stmt"/>
        <line num="10" count="6" type="stmt"/>
        <line num="11" count="6" type="stmt"/>
        <line num="12" count="6" type="stmt"/>
        <line num="14" count="6" type="stmt"/>
        <line num="19" count="16" type="cond" truecount="1" falsecount="1"/>
        <line num="20" count="16" type="cond" truecount="2" falsecount="0"/>
        <line num="21" count="15" type="cond" truecount="1" falsecount="1"/>
        <line num="22" count="15" type="cond" truecount="1" falsecount="1"/>
      </file>
    </package>
  </project>
</coverage>
