{"/home/usuario/prct05-objects-classes-interfaces-IkerMartinG/src/ejercicio-1/BaseBibliographicItem.ts": {"path":"/home/usuario/prct05-objects-classes-interfaces-IkerMartinG/src/ejercicio-1/BaseBibliographicItem.ts","statementMap":{"0":{"start":{"line":79,"column":4},"end":{"line":79,"column":null}},"1":{"start":{"line":80,"column":4},"end":{"line":80,"column":null}},"2":{"start":{"line":81,"column":4},"end":{"line":81,"column":null}},"3":{"start":{"line":82,"column":4},"end":{"line":82,"column":null}},"4":{"start":{"line":83,"column":4},"end":{"line":83,"column":null}},"5":{"start":{"line":84,"column":4},"end":{"line":84,"column":null}},"6":{"start":{"line":85,"column":4},"end":{"line":85,"column":null}},"7":{"start":{"line":87,"column":4},"end":{"line":87,"column":null}},"8":{"start":{"line":92,"column":4},"end":{"line":92,"column":null}},"9":{"start":{"line":97,"column":4},"end":{"line":97,"column":null}},"10":{"start":{"line":102,"column":4},"end":{"line":102,"column":null}},"11":{"start":{"line":107,"column":4},"end":{"line":107,"column":null}},"12":{"start":{"line":112,"column":4},"end":{"line":112,"column":null}},"13":{"start":{"line":117,"column":4},"end":{"line":117,"column":null}},"14":{"start":{"line":122,"column":4},"end":{"line":122,"column":null}},"15":{"start":{"line":135,"column":4},"end":{"line":137,"column":null}},"16":{"start":{"line":136,"column":6},"end":{"line":136,"column":null}},"17":{"start":{"line":138,"column":4},"end":{"line":142,"column":null}},"18":{"start":{"line":139,"column":6},"end":{"line":141,"column":null}},"19":{"start":{"line":143,"column":4},"end":{"line":147,"column":null}},"20":{"start":{"line":144,"column":6},"end":{"line":146,"column":null}},"21":{"start":{"line":148,"column":4},"end":{"line":150,"column":null}},"22":{"start":{"line":149,"column":6},"end":{"line":149,"column":null}},"23":{"start":{"line":151,"column":4},"end":{"line":158,"column":null}},"24":{"start":{"line":155,"column":6},"end":{"line":157,"column":null}},"25":{"start":{"line":159,"column":4},"end":{"line":161,"column":null}},"26":{"start":{"line":160,"column":6},"end":{"line":160,"column":null}},"27":{"start":{"line":162,"column":4},"end":{"line":164,"column":null}},"28":{"start":{"line":163,"column":6},"end":{"line":163,"column":null}},"29":{"start":{"line":181,"column":20},"end":{"line":181,"column":null}},"30":{"start":{"line":183,"column":4},"end":{"line":183,"column":null}},"31":{"start":{"line":183,"column":30},"end":{"line":183,"column":null}},"32":{"start":{"line":184,"column":4},"end":{"line":184,"column":null}},"33":{"start":{"line":184,"column":30},"end":{"line":184,"column":null}},"34":{"start":{"line":185,"column":4},"end":{"line":185,"column":null}},"35":{"start":{"line":185,"column":30},"end":{"line":185,"column":null}},"36":{"start":{"line":187,"column":17},"end":{"line":187,"column":null}},"37":{"start":{"line":188,"column":4},"end":{"line":194,"column":null}},"38":{"start":{"line":188,"column":17},"end":{"line":188,"column":20}},"39":{"start":{"line":189,"column":6},"end":{"line":193,"column":null}},"40":{"start":{"line":190,"column":8},"end":{"line":190,"column":null}},"41":{"start":{"line":192,"column":8},"end":{"line":192,"column":null}},"42":{"start":{"line":195,"column":4},"end":{"line":195,"column":null}}},"fnMap":{"0":{"name":"(anonymous_0)","decl":{"start":{"line":70,"column":2},"end":{"line":70,"column":null}},"loc":{"start":{"line":78,"column":4},"end":{"line":88,"column":null}},"line":78},"1":{"name":"(anonymous_1)","decl":{"start":{"line":91,"column":6},"end":{"line":91,"column":14}},"loc":{"start":{"line":91,"column":14},"end":{"line":93,"column":null}},"line":91},"2":{"name":"(anonymous_2)","decl":{"start":{"line":96,"column":6},"end":{"line":96,"column":16}},"loc":{"start":{"line":96,"column":16},"end":{"line":98,"column":null}},"line":96},"3":{"name":"(anonymous_3)","decl":{"start":{"line":101,"column":6},"end":{"line":101,"column":17}},"loc":{"start":{"line":101,"column":17},"end":{"line":103,"column":null}},"line":101},"4":{"name":"(anonymous_4)","decl":{"start":{"line":106,"column":6},"end":{"line":106,"column":21}},"loc":{"start":{"line":106,"column":21},"end":{"line":108,"column":null}},"line":106},"5":{"name":"(anonymous_5)","decl":{"start":{"line":111,"column":6},"end":{"line":111,"column":24}},"loc":{"start":{"line":111,"column":24},"end":{"line":113,"column":null}},"line":111},"6":{"name":"(anonymous_6)","decl":{"start":{"line":116,"column":6},"end":{"line":116,"column":14}},"loc":{"start":{"line":116,"column":14},"end":{"line":118,"column":null}},"line":116},"7":{"name":"(anonymous_7)","decl":{"start":{"line":121,"column":6},"end":{"line":121,"column":18}},"loc":{"start":{"line":121,"column":18},"end":{"line":123,"column":null}},"line":121},"8":{"name":"(anonymous_8)","decl":{"start":{"line":134,"column":9},"end":{"line":134,"column":26}},"loc":{"start":{"line":134,"column":26},"end":{"line":165,"column":null}},"line":134},"9":{"name":"(anonymous_9)","decl":{"start":{"line":180,"column":12},"end":{"line":180,"column":40}},"loc":{"start":{"line":180,"column":40},"end":{"line":196,"column":null}},"line":180}},"branchMap":{"0":{"loc":{"start":{"line":135,"column":4},"end":{"line":137,"column":null}},"type":"if","locations":[{"start":{"line":135,"column":4},"end":{"line":137,"column":null}},{"start":{},"end":{}}],"line":135},"1":{"loc":{"start":{"line":135,"column":8},"end":{"line":135,"column":57}},"type":"binary-expr","locations":[{"start":{"line":135,"column":8},"end":{"line":135,"column":24}},{"start":{"line":135,"column":24},"end":{"line":135,"column":57}}],"line":135},"2":{"loc":{"start":{"line":138,"column":4},"end":{"line":142,"column":null}},"type":"if","locations":[{"start":{"line":138,"column":4},"end":{"line":142,"column":null}},{"start":{},"end":{}}],"line":138},"3":{"loc":{"start":{"line":138,"column":8},"end":{"line":138,"column":69}},"type":"binary-expr","locations":[{"start":{"line":138,"column":8},"end":{"line":138,"column":41}},{"start":{"line":138,"column":41},"end":{"line":138,"column":69}}],"line":138},"4":{"loc":{"start":{"line":143,"column":4},"end":{"line":147,"column":null}},"type":"if","locations":[{"start":{"line":143,"column":4},"end":{"line":147,"column":null}},{"start":{},"end":{}}],"line":143},"5":{"loc":{"start":{"line":143,"column":8},"end":{"line":143,"column":71}},"type":"binary-expr","locations":[{"start":{"line":143,"column":8},"end":{"line":143,"column":42}},{"start":{"line":143,"column":42},"end":{"line":143,"column":71}}],"line":143},"6":{"loc":{"start":{"line":148,"column":4},"end":{"line":150,"column":null}},"type":"if","locations":[{"start":{"line":148,"column":4},"end":{"line":150,"column":null}},{"start":{},"end":{}}],"line":148},"7":{"loc":{"start":{"line":148,"column":8},"end":{"line":148,"column":71}},"type":"binary-expr","locations":[{"start":{"line":148,"column":8},"end":{"line":148,"column":31}},{"start":{"line":148,"column":31},"end":{"line":148,"column":71}}],"line":148},"8":{"loc":{"start":{"line":151,"column":4},"end":{"line":158,"column":null}},"type":"if","locations":[{"start":{"line":151,"column":4},"end":{"line":158,"column":null}},{"start":{},"end":{}}],"line":151},"9":{"loc":{"start":{"line":152,"column":6},"end":{"line":153,"column":null}},"type":"binary-expr","locations":[{"start":{"line":152,"column":6},"end":{"line":152,"column":null}},{"start":{"line":153,"column":6},"end":{"line":153,"column":null}}],"line":152},"10":{"loc":{"start":{"line":159,"column":4},"end":{"line":161,"column":null}},"type":"if","locations":[{"start":{"line":159,"column":4},"end":{"line":161,"column":null}},{"start":{},"end":{}}],"line":159},"11":{"loc":{"start":{"line":159,"column":8},"end":{"line":159,"column":57}},"type":"binary-expr","locations":[{"start":{"line":159,"column":8},"end":{"line":159,"column":24}},{"start":{"line":159,"column":24},"end":{"line":159,"column":57}}],"line":159},"12":{"loc":{"start":{"line":162,"column":4},"end":{"line":164,"column":null}},"type":"if","locations":[{"start":{"line":162,"column":4},"end":{"line":164,"column":null}},{"start":{},"end":{}}],"line":162},"13":{"loc":{"start":{"line":162,"column":8},"end":{"line":162,"column":65}},"type":"binary-expr","locations":[{"start":{"line":162,"column":8},"end":{"line":162,"column":28}},{"start":{"line":162,"column":28},"end":{"line":162,"column":65}}],"line":162},"14":{"loc":{"start":{"line":183,"column":4},"end":{"line":183,"column":null}},"type":"if","locations":[{"start":{"line":183,"column":4},"end":{"line":183,"column":null}},{"start":{},"end":{}}],"line":183},"15":{"loc":{"start":{"line":184,"column":4},"end":{"line":184,"column":null}},"type":"if","locations":[{"start":{"line":184,"column":4},"end":{"line":184,"column":null}},{"start":{},"end":{}}],"line":184},"16":{"loc":{"start":{"line":185,"column":4},"end":{"line":185,"column":null}},"type":"if","locations":[{"start":{"line":185,"column":4},"end":{"line":185,"column":null}},{"start":{},"end":{}}],"line":185},"17":{"loc":{"start":{"line":189,"column":6},"end":{"line":193,"column":null}},"type":"if","locations":[{"start":{"line":189,"column":6},"end":{"line":193,"column":null}},{"start":{"line":191,"column":13},"end":{"line":193,"column":null}}],"line":189}},"s":{"0":26,"1":26,"2":26,"3":26,"4":26,"5":26,"6":26,"7":26,"8":10,"9":4,"10":4,"11":0,"12":8,"13":6,"14":5,"15":26,"16":1,"17":25,"18":1,"19":24,"20":1,"21":23,"22":1,"23":22,"24":0,"25":22,"26":0,"27":22,"28":0,"29":5,"30":5,"31":0,"32":5,"33":5,"34":0,"35":0,"36":0,"37":0,"38":0,"39":0,"40":0,"41":0,"42":0},"f":{"0":26,"1":10,"2":4,"3":4,"4":0,"5":8,"6":6,"7":5,"8":26,"9":5},"b":{"0":[1,25],"1":[26,25],"2":[1,24],"3":[25,25],"4":[1,23],"5":[24,24],"6":[1,22],"7":[23,22],"8":[0,22],"9":[22,22],"10":[0,22],"11":[22,22],"12":[0,22],"13":[22,22],"14":[0,5],"15":[5,0],"16":[0,0],"17":[0,0]},"meta":{"lastBranch":18,"lastFunction":10,"lastStatement":43,"seen":{"f:70:2:70:Infinity":0,"s:79:4:79:Infinity":0,"s:80:4:80:Infinity":1,"s:81:4:81:Infinity":2,"s:82:4:82:Infinity":3,"s:83:4:83:Infinity":4,"s:84:4:84:Infinity":5,"s:85:4:85:Infinity":6,"s:87:4:87:Infinity":7,"f:91:6:91:14":1,"s:92:4:92:Infinity":8,"f:96:6:96:16":2,"s:97:4:97:Infinity":9,"f:101:6:101:17":3,"s:102:4:102:Infinity":10,"f:106:6:106:21":4,"s:107:4:107:Infinity":11,"f:111:6:111:24":5,"s:112:4:112:Infinity":12,"f:116:6:116:14":6,"s:117:4:117:Infinity":13,"f:121:6:121:18":7,"s:122:4:122:Infinity":14,"f:134:9:134:26":8,"b:135:4:137:Infinity:undefined:undefined:undefined:undefined":0,"s:135:4:137:Infinity":15,"b:135:8:135:24:135:24:135:57":1,"s:136:6:136:Infinity":16,"b:138:4:142:Infinity:undefined:undefined:undefined:undefined":2,"s:138:4:142:Infinity":17,"b:138:8:138:41:138:41:138:69":3,"s:139:6:141:Infinity":18,"b:143:4:147:Infinity:undefined:undefined:undefined:undefined":4,"s:143:4:147:Infinity":19,"b:143:8:143:42:143:42:143:71":5,"s:144:6:146:Infinity":20,"b:148:4:150:Infinity:undefined:undefined:undefined:undefined":6,"s:148:4:150:Infinity":21,"b:148:8:148:31:148:31:148:71":7,"s:149:6:149:Infinity":22,"b:151:4:158:Infinity:undefined:undefined:undefined:undefined":8,"s:151:4:158:Infinity":23,"b:152:6:152:Infinity:153:6:153:Infinity":9,"s:155:6:157:Infinity":24,"b:159:4:161:Infinity:undefined:undefined:undefined:undefined":10,"s:159:4:161:Infinity":25,"b:159:8:159:24:159:24:159:57":11,"s:160:6:160:Infinity":26,"b:162:4:164:Infinity:undefined:undefined:undefined:undefined":12,"s:162:4:164:Infinity":27,"b:162:8:162:28:162:28:162:65":13,"s:163:6:163:Infinity":28,"f:180:12:180:40":9,"s:181:20:181:Infinity":29,"b:183:4:183:Infinity:undefined:undefined:undefined:undefined":14,"s:183:4:183:Infinity":30,"s:183:30:183:Infinity":31,"b:184:4:184:Infinity:undefined:undefined:undefined:undefined":15,"s:184:4:184:Infinity":32,"s:184:30:184:Infinity":33,"b:185:4:185:Infinity:undefined:undefined:undefined:undefined":16,"s:185:4:185:Infinity":34,"s:185:30:185:Infinity":35,"s:187:17:187:Infinity":36,"s:188:4:194:Infinity":37,"s:188:17:188:20":38,"b:189:6:193:Infinity:191:13:193:Infinity":17,"s:189:6:193:Infinity":39,"s:190:8:190:Infinity":40,"s:192:8:192:Infinity":41,"s:195:4:195:Infinity":42}}}
,"/home/usuario/prct05-objects-classes-interfaces-IkerMartinG/src/ejercicio-1/BibliographyManager.ts": {"path":"/home/usuario/prct05-objects-classes-interfaces-IkerMartinG/src/ejercicio-1/BibliographyManager.ts","statementMap":{"0":{"start":{"line":18,"column":41},"end":{"line":18,"column":null}},"1":{"start":{"line":26,"column":4},"end":{"line":26,"column":null}},"2":{"start":{"line":33,"column":4},"end":{"line":33,"column":null}},"3":{"start":{"line":42,"column":22},"end":{"line":49,"column":null}},"4":{"start":{"line":42,"column":47},"end":{"line":49,"column":6}},"5":{"start":{"line":51,"column":4},"end":{"line":51,"column":null}},"6":{"start":{"line":61,"column":4},"end":{"line":63,"column":null}},"7":{"start":{"line":62,"column":6},"end":{"line":62,"column":null}},"8":{"start":{"line":62,"column":30},"end":{"line":62,"column":77}},"9":{"start":{"line":73,"column":4},"end":{"line":75,"column":null}},"10":{"start":{"line":74,"column":6},"end":{"line":74,"column":null}},"11":{"start":{"line":85,"column":4},"end":{"line":87,"column":null}},"12":{"start":{"line":86,"column":6},"end":{"line":86,"column":null}},"13":{"start":{"line":86,"column":29},"end":{"line":86,"column":75}},"14":{"start":{"line":97,"column":4},"end":{"line":99,"column":null}},"15":{"start":{"line":98,"column":6},"end":{"line":98,"column":null}},"16":{"start":{"line":109,"column":4},"end":{"line":111,"column":null}},"17":{"start":{"line":110,"column":6},"end":{"line":110,"column":null}},"18":{"start":{"line":120,"column":22},"end":{"line":127,"column":null}},"19":{"start":{"line":120,"column":43},"end":{"line":127,"column":6}},"20":{"start":{"line":129,"column":4},"end":{"line":129,"column":null}},"21":{"start":{"line":139,"column":4},"end":{"line":139,"column":null}},"22":{"start":{"line":139,"column":31},"end":{"line":139,"column":44}}},"fnMap":{"0":{"name":"(anonymous_0)","decl":{"start":{"line":25,"column":9},"end":{"line":25,"column":17}},"loc":{"start":{"line":25,"column":49},"end":{"line":27,"column":null}},"line":25},"1":{"name":"(anonymous_1)","decl":{"start":{"line":32,"column":13},"end":{"line":32,"column":43}},"loc":{"start":{"line":32,"column":43},"end":{"line":34,"column":null}},"line":32},"2":{"name":"(anonymous_2)","decl":{"start":{"line":41,"column":9},"end":{"line":41,"column":25}},"loc":{"start":{"line":41,"column":25},"end":{"line":52,"column":null}},"line":41},"3":{"name":"(anonymous_3)","decl":{"start":{"line":42,"column":38},"end":{"line":42,"column":47}},"loc":{"start":{"line":42,"column":47},"end":{"line":49,"column":6}},"line":42},"4":{"name":"(anonymous_4)","decl":{"start":{"line":60,"column":9},"end":{"line":60,"column":25}},"loc":{"start":{"line":60,"column":64},"end":{"line":64,"column":null}},"line":60},"5":{"name":"(anonymous_5)","decl":{"start":{"line":61,"column":30},"end":{"line":61,"column":null}},"loc":{"start":{"line":62,"column":6},"end":{"line":62,"column":null}},"line":62},"6":{"name":"(anonymous_6)","decl":{"start":{"line":62,"column":25},"end":{"line":62,"column":30}},"loc":{"start":{"line":62,"column":30},"end":{"line":62,"column":77}},"line":62},"7":{"name":"(anonymous_7)","decl":{"start":{"line":72,"column":9},"end":{"line":72,"column":23}},"loc":{"start":{"line":72,"column":60},"end":{"line":76,"column":null}},"line":72},"8":{"name":"(anonymous_8)","decl":{"start":{"line":73,"column":30},"end":{"line":73,"column":null}},"loc":{"start":{"line":74,"column":6},"end":{"line":74,"column":null}},"line":74},"9":{"name":"(anonymous_9)","decl":{"start":{"line":84,"column":9},"end":{"line":84,"column":24}},"loc":{"start":{"line":84,"column":62},"end":{"line":88,"column":null}},"line":84},"10":{"name":"(anonymous_10)","decl":{"start":{"line":85,"column":30},"end":{"line":85,"column":null}},"loc":{"start":{"line":86,"column":6},"end":{"line":86,"column":null}},"line":86},"11":{"name":"(anonymous_11)","decl":{"start":{"line":86,"column":24},"end":{"line":86,"column":29}},"loc":{"start":{"line":86,"column":29},"end":{"line":86,"column":75}},"line":86},"12":{"name":"(anonymous_12)","decl":{"start":{"line":96,"column":9},"end":{"line":96,"column":27}},"loc":{"start":{"line":96,"column":68},"end":{"line":100,"column":null}},"line":96},"13":{"name":"(anonymous_13)","decl":{"start":{"line":97,"column":30},"end":{"line":97,"column":null}},"loc":{"start":{"line":98,"column":6},"end":{"line":98,"column":null}},"line":98},"14":{"name":"(anonymous_14)","decl":{"start":{"line":108,"column":9},"end":{"line":108,"column":22}},"loc":{"start":{"line":108,"column":58},"end":{"line":112,"column":null}},"line":108},"15":{"name":"(anonymous_15)","decl":{"start":{"line":109,"column":30},"end":{"line":109,"column":null}},"loc":{"start":{"line":110,"column":6},"end":{"line":110,"column":null}},"line":110},"16":{"name":"(anonymous_16)","decl":{"start":{"line":119,"column":9},"end":{"line":119,"column":21}},"loc":{"start":{"line":119,"column":58},"end":{"line":130,"column":null}},"line":119},"17":{"name":"(anonymous_17)","decl":{"start":{"line":120,"column":34},"end":{"line":120,"column":43}},"loc":{"start":{"line":120,"column":43},"end":{"line":127,"column":6}},"line":120},"18":{"name":"(anonymous_18)","decl":{"start":{"line":138,"column":9},"end":{"line":138,"column":20}},"loc":{"start":{"line":138,"column":59},"end":{"line":140,"column":null}},"line":138},"19":{"name":"(anonymous_19)","decl":{"start":{"line":139,"column":23},"end":{"line":139,"column":31}},"loc":{"start":{"line":139,"column":31},"end":{"line":139,"column":44}},"line":139}},"branchMap":{},"s":{"0":14,"1":14,"2":0,"3":1,"4":1,"5":1,"6":2,"7":2,"8":3,"9":2,"10":2,"11":2,"12":2,"13":2,"14":2,"15":2,"16":2,"17":2,"18":1,"19":1,"20":1,"21":2,"22":1},"f":{"0":14,"1":0,"2":1,"3":1,"4":2,"5":2,"6":3,"7":2,"8":2,"9":2,"10":2,"11":2,"12":2,"13":2,"14":2,"15":2,"16":1,"17":1,"18":2,"19":1},"b":{},"meta":{"lastBranch":0,"lastFunction":20,"lastStatement":23,"seen":{"s:18:41:18:Infinity":0,"f:25:9:25:17":0,"s:26:4:26:Infinity":1,"f:32:13:32:43":1,"s:33:4:33:Infinity":2,"f:41:9:41:25":2,"s:42:22:49:Infinity":3,"f:42:38:42:47":3,"s:42:47:49:6":4,"s:51:4:51:Infinity":5,"f:60:9:60:25":4,"s:61:4:63:Infinity":6,"f:61:30:61:Infinity":5,"s:62:6:62:Infinity":7,"f:62:25:62:30":6,"s:62:30:62:77":8,"f:72:9:72:23":7,"s:73:4:75:Infinity":9,"f:73:30:73:Infinity":8,"s:74:6:74:Infinity":10,"f:84:9:84:24":9,"s:85:4:87:Infinity":11,"f:85:30:85:Infinity":10,"s:86:6:86:Infinity":12,"f:86:24:86:29":11,"s:86:29:86:75":13,"f:96:9:96:27":12,"s:97:4:99:Infinity":14,"f:97:30:97:Infinity":13,"s:98:6:98:Infinity":15,"f:108:9:108:22":14,"s:109:4:111:Infinity":16,"f:109:30:109:Infinity":15,"s:110:6:110:Infinity":17,"f:119:9:119:21":16,"s:120:22:127:Infinity":18,"f:120:34:120:43":17,"s:120:43:127:6":19,"s:129:4:129:Infinity":20,"f:138:9:138:20":18,"s:139:4:139:Infinity":21,"f:139:23:139:31":19,"s:139:31:139:44":22}}}
,"/home/usuario/prct05-objects-classes-interfaces-IkerMartinG/src/ejercicio-1/BookChapter.ts": {"path":"/home/usuario/prct05-objects-classes-interfaces-IkerMartinG/src/ejercicio-1/BookChapter.ts","statementMap":{"0":{"start":{"line":66,"column":4},"end":{"line":74,"column":null}},"1":{"start":{"line":76,"column":4},"end":{"line":76,"column":null}},"2":{"start":{"line":77,"column":4},"end":{"line":77,"column":null}},"3":{"start":{"line":78,"column":4},"end":{"line":78,"column":null}},"4":{"start":{"line":79,"column":4},"end":{"line":79,"column":null}},"5":{"start":{"line":86,"column":4},"end":{"line":86,"column":null}},"6":{"start":{"line":93,"column":4},"end":{"line":93,"column":null}},"7":{"start":{"line":100,"column":4},"end":{"line":100,"column":null}},"8":{"start":{"line":107,"column":4},"end":{"line":107,"column":null}},"9":{"start":{"line":122,"column":17},"end":{"line":122,"column":null}},"10":{"start":{"line":123,"column":20},"end":{"line":123,"column":null}},"11":{"start":{"line":124,"column":29},"end":{"line":124,"column":null}},"12":{"start":{"line":126,"column":24},"end":{"line":126,"column":null}},"13":{"start":{"line":128,"column":4},"end":{"line":128,"column":null}}},"fnMap":{"0":{"name":"(anonymous_0)","decl":{"start":{"line":53,"column":2},"end":{"line":53,"column":null}},"loc":{"start":{"line":65,"column":4},"end":{"line":80,"column":null}},"line":65},"1":{"name":"(anonymous_1)","decl":{"start":{"line":85,"column":6},"end":{"line":85,"column":29}},"loc":{"start":{"line":85,"column":29},"end":{"line":87,"column":null}},"line":85},"2":{"name":"(anonymous_2)","decl":{"start":{"line":92,"column":6},"end":{"line":92,"column":26}},"loc":{"start":{"line":92,"column":26},"end":{"line":94,"column":null}},"line":92},"3":{"name":"(anonymous_3)","decl":{"start":{"line":99,"column":6},"end":{"line":99,"column":40}},"loc":{"start":{"line":99,"column":40},"end":{"line":101,"column":null}},"line":99},"4":{"name":"(anonymous_4)","decl":{"start":{"line":106,"column":6},"end":{"line":106,"column":33}},"loc":{"start":{"line":106,"column":33},"end":{"line":108,"column":null}},"line":106},"5":{"name":"(anonymous_5)","decl":{"start":{"line":121,"column":9},"end":{"line":121,"column":26}},"loc":{"start":{"line":121,"column":26},"end":{"line":129,"column":null}},"line":121}},"branchMap":{"0":{"loc":{"start":{"line":126,"column":24},"end":{"line":126,"column":null}},"type":"cond-expr","locations":[{"start":{"line":126,"column":44},"end":{"line":126,"column":75}},{"start":{"line":126,"column":75},"end":{"line":126,"column":null}}],"line":126}},"s":{"0":3,"1":3,"2":3,"3":3,"4":3,"5":1,"6":1,"7":0,"8":0,"9":1,"10":1,"11":1,"12":1,"13":1},"f":{"0":3,"1":1,"2":1,"3":0,"4":0,"5":1},"b":{"0":[1,0]},"meta":{"lastBranch":1,"lastFunction":6,"lastStatement":14,"seen":{"f:53:2:53:Infinity":0,"s:66:4:74:Infinity":0,"s:76:4:76:Infinity":1,"s:77:4:77:Infinity":2,"s:78:4:78:Infinity":3,"s:79:4:79:Infinity":4,"f:85:6:85:29":1,"s:86:4:86:Infinity":5,"f:92:6:92:26":2,"s:93:4:93:Infinity":6,"f:99:6:99:40":3,"s:100:4:100:Infinity":7,"f:106:6:106:33":4,"s:107:4:107:Infinity":8,"f:121:9:121:26":5,"s:122:17:122:Infinity":9,"s:123:20:123:Infinity":10,"s:124:29:124:Infinity":11,"s:126:24:126:Infinity":12,"b:126:44:126:75:126:75:126:Infinity":0,"s:128:4:128:Infinity":13}}}
,"/home/usuario/prct05-objects-classes-interfaces-IkerMartinG/src/ejercicio-1/ConferencePaper.ts": {"path":"/home/usuario/prct05-objects-classes-interfaces-IkerMartinG/src/ejercicio-1/ConferencePaper.ts","statementMap":{"0":{"start":{"line":58,"column":4},"end":{"line":66,"column":null}},"1":{"start":{"line":68,"column":4},"end":{"line":68,"column":null}},"2":{"start":{"line":69,"column":4},"end":{"line":69,"column":null}},"3":{"start":{"line":70,"column":4},"end":{"line":70,"column":null}},"4":{"start":{"line":77,"column":4},"end":{"line":77,"column":null}},"5":{"start":{"line":84,"column":4},"end":{"line":84,"column":null}},"6":{"start":{"line":91,"column":4},"end":{"line":91,"column":null}},"7":{"start":{"line":106,"column":17},"end":{"line":106,"column":null}},"8":{"start":{"line":107,"column":20},"end":{"line":107,"column":null}},"9":{"start":{"line":109,"column":4},"end":{"line":109,"column":null}}},"fnMap":{"0":{"name":"(anonymous_0)","decl":{"start":{"line":46,"column":2},"end":{"line":46,"column":null}},"loc":{"start":{"line":57,"column":4},"end":{"line":71,"column":null}},"line":57},"1":{"name":"(anonymous_1)","decl":{"start":{"line":76,"column":6},"end":{"line":76,"column":31}},"loc":{"start":{"line":76,"column":31},"end":{"line":78,"column":null}},"line":76},"2":{"name":"(anonymous_2)","decl":{"start":{"line":83,"column":6},"end":{"line":83,"column":35}},"loc":{"start":{"line":83,"column":35},"end":{"line":85,"column":null}},"line":83},"3":{"name":"(anonymous_3)","decl":{"start":{"line":90,"column":6},"end":{"line":90,"column":29}},"loc":{"start":{"line":90,"column":29},"end":{"line":92,"column":null}},"line":90},"4":{"name":"(anonymous_4)","decl":{"start":{"line":105,"column":9},"end":{"line":105,"column":26}},"loc":{"start":{"line":105,"column":26},"end":{"line":110,"column":null}},"line":105}},"branchMap":{},"s":{"0":3,"1":3,"2":3,"3":3,"4":2,"5":2,"6":1,"7":1,"8":1,"9":1},"f":{"0":3,"1":2,"2":2,"3":1,"4":1},"b":{},"meta":{"lastBranch":0,"lastFunction":5,"lastStatement":10,"seen":{"f:46:2:46:Infinity":0,"s:58:4:66:Infinity":0,"s:68:4:68:Infinity":1,"s:69:4:69:Infinity":2,"s:70:4:70:Infinity":3,"f:76:6:76:31":1,"s:77:4:77:Infinity":4,"f:83:6:83:35":2,"s:84:4:84:Infinity":5,"f:90:6:90:29":3,"s:91:4:91:Infinity":6,"f:105:9:105:26":4,"s:106:17:106:Infinity":7,"s:107:20:107:Infinity":8,"s:109:4:109:Infinity":9}}}
,"/home/usuario/prct05-objects-classes-interfaces-IkerMartinG/src/ejercicio-1/JournalArticle.ts": {"path":"/home/usuario/prct05-objects-classes-interfaces-IkerMartinG/src/ejercicio-1/JournalArticle.ts","statementMap":{"0":{"start":{"line":58,"column":4},"end":{"line":66,"column":null}},"1":{"start":{"line":68,"column":4},"end":{"line":68,"column":null}},"2":{"start":{"line":69,"column":4},"end":{"line":69,"column":null}},"3":{"start":{"line":70,"column":4},"end":{"line":70,"column":null}},"4":{"start":{"line":77,"column":4},"end":{"line":77,"column":null}},"5":{"start":{"line":84,"column":4},"end":{"line":84,"column":null}},"6":{"start":{"line":91,"column":4},"end":{"line":91,"column":null}},"7":{"start":{"line":105,"column":17},"end":{"line":105,"column":null}},"8":{"start":{"line":106,"column":20},"end":{"line":106,"column":null}},"9":{"start":{"line":108,"column":4},"end":{"line":108,"column":null}}},"fnMap":{"0":{"name":"(anonymous_0)","decl":{"start":{"line":46,"column":2},"end":{"line":46,"column":null}},"loc":{"start":{"line":57,"column":4},"end":{"line":71,"column":null}},"line":57},"1":{"name":"(anonymous_1)","decl":{"start":{"line":76,"column":6},"end":{"line":76,"column":28}},"loc":{"start":{"line":76,"column":28},"end":{"line":78,"column":null}},"line":76},"2":{"name":"(anonymous_2)","decl":{"start":{"line":83,"column":6},"end":{"line":83,"column":23}},"loc":{"start":{"line":83,"column":23},"end":{"line":85,"column":null}},"line":83},"3":{"name":"(anonymous_3)","decl":{"start":{"line":90,"column":6},"end":{"line":90,"column":22}},"loc":{"start":{"line":90,"column":22},"end":{"line":92,"column":null}},"line":90},"4":{"name":"(anonymous_4)","decl":{"start":{"line":104,"column":9},"end":{"line":104,"column":26}},"loc":{"start":{"line":104,"column":26},"end":{"line":109,"column":null}},"line":104}},"branchMap":{},"s":{"0":17,"1":17,"2":17,"3":17,"4":3,"5":2,"6":2,"7":2,"8":2,"9":2},"f":{"0":17,"1":3,"2":2,"3":2,"4":2},"b":{},"meta":{"lastBranch":0,"lastFunction":5,"lastStatement":10,"seen":{"f:46:2:46:Infinity":0,"s:58:4:66:Infinity":0,"s:68:4:68:Infinity":1,"s:69:4:69:Infinity":2,"s:70:4:70:Infinity":3,"f:76:6:76:28":1,"s:77:4:77:Infinity":4,"f:83:6:83:23":2,"s:84:4:84:Infinity":5,"f:90:6:90:22":3,"s:91:4:91:Infinity":6,"f:104:9:104:26":4,"s:105:17:105:Infinity":7,"s:106:20:106:Infinity":8,"s:108:4:108:Infinity":9}}}
,"/home/usuario/prct05-objects-classes-interfaces-IkerMartinG/src/ejercicio-1/Thesis.ts": {"path":"/home/usuario/prct05-objects-classes-interfaces-IkerMartinG/src/ejercicio-1/Thesis.ts","statementMap":{"0":{"start":{"line":58,"column":4},"end":{"line":66,"column":null}},"1":{"start":{"line":68,"column":4},"end":{"line":68,"column":null}},"2":{"start":{"line":69,"column":4},"end":{"line":69,"column":null}},"3":{"start":{"line":70,"column":4},"end":{"line":70,"column":null}},"4":{"start":{"line":77,"column":4},"end":{"line":77,"column":null}},"5":{"start":{"line":84,"column":4},"end":{"line":84,"column":null}},"6":{"start":{"line":91,"column":4},"end":{"line":91,"column":null}},"7":{"start":{"line":105,"column":17},"end":{"line":105,"column":null}},"8":{"start":{"line":106,"column":20},"end":{"line":106,"column":null}},"9":{"start":{"line":108,"column":27},"end":{"line":108,"column":null}},"10":{"start":{"line":110,"column":4},"end":{"line":110,"column":null}}},"fnMap":{"0":{"name":"(anonymous_0)","decl":{"start":{"line":46,"column":2},"end":{"line":46,"column":null}},"loc":{"start":{"line":57,"column":4},"end":{"line":71,"column":null}},"line":57},"1":{"name":"(anonymous_1)","decl":{"start":{"line":76,"column":6},"end":{"line":76,"column":27}},"loc":{"start":{"line":76,"column":27},"end":{"line":78,"column":null}},"line":76},"2":{"name":"(anonymous_2)","decl":{"start":{"line":83,"column":6},"end":{"line":83,"column":27}},"loc":{"start":{"line":83,"column":27},"end":{"line":85,"column":null}},"line":83},"3":{"name":"(anonymous_3)","decl":{"start":{"line":90,"column":6},"end":{"line":90,"column":39}},"loc":{"start":{"line":90,"column":39},"end":{"line":92,"column":null}},"line":90},"4":{"name":"(anonymous_4)","decl":{"start":{"line":104,"column":9},"end":{"line":104,"column":26}},"loc":{"start":{"line":104,"column":26},"end":{"line":111,"column":null}},"line":104}},"branchMap":{"0":{"loc":{"start":{"line":108,"column":27},"end":{"line":108,"column":null}},"type":"cond-expr","locations":[{"start":{"line":108,"column":46},"end":{"line":108,"column":72}},{"start":{"line":108,"column":72},"end":{"line":108,"column":null}}],"line":108}},"s":{"0":3,"1":3,"2":3,"3":3,"4":2,"5":2,"6":0,"7":1,"8":1,"9":1,"10":1},"f":{"0":3,"1":2,"2":2,"3":0,"4":1},"b":{"0":[0,1]},"meta":{"lastBranch":1,"lastFunction":5,"lastStatement":11,"seen":{"f:46:2:46:Infinity":0,"s:58:4:66:Infinity":0,"s:68:4:68:Infinity":1,"s:69:4:69:Infinity":2,"s:70:4:70:Infinity":3,"f:76:6:76:27":1,"s:77:4:77:Infinity":4,"f:83:6:83:27":2,"s:84:4:84:Infinity":5,"f:90:6:90:39":3,"s:91:4:91:Infinity":6,"f:104:9:104:26":4,"s:105:17:105:Infinity":7,"s:106:20:106:Infinity":8,"s:108:27:108:Infinity":9,"b:108:46:108:72:108:72:108:Infinity":0,"s:110:4:110:Infinity":10}}}
,"/home/usuario/prct05-objects-classes-interfaces-IkerMartinG/src/ejercicio-2/Board.ts": {"path":"/home/usuario/prct05-objects-classes-interfaces-IkerMartinG/src/ejercicio-2/Board.ts","statementMap":{"0":{"start":{"line":5,"column":26},"end":{"line":5,"column":null}},"1":{"start":{"line":6,"column":26},"end":{"line":6,"column":null}},"2":{"start":{"line":10,"column":4},"end":{"line":12,"column":null}},"3":{"start":{"line":11,"column":6},"end":{"line":11,"column":null}},"4":{"start":{"line":22,"column":4},"end":{"line":24,"column":null}},"5":{"start":{"line":23,"column":6},"end":{"line":23,"column":null}},"6":{"start":{"line":25,"column":4},"end":{"line":27,"column":null}},"7":{"start":{"line":26,"column":6},"end":{"line":26,"column":null}},"8":{"start":{"line":28,"column":4},"end":{"line":28,"column":null}},"9":{"start":{"line":28,"column":32},"end":{"line":28,"column":null}},"10":{"start":{"line":30,"column":4},"end":{"line":35,"column":null}},"11":{"start":{"line":30,"column":19},"end":{"line":30,"column":34}},"12":{"start":{"line":31,"column":6},"end":{"line":34,"column":null}},"13":{"start":{"line":32,"column":8},"end":{"line":32,"column":null}},"14":{"start":{"line":33,"column":8},"end":{"line":33,"column":null}},"15":{"start":{"line":36,"column":4},"end":{"line":36,"column":null}},"16":{"start":{"line":41,"column":4},"end":{"line":43,"column":null}},"17":{"start":{"line":42,"column":6},"end":{"line":42,"column":null}},"18":{"start":{"line":44,"column":4},"end":{"line":44,"column":null}},"19":{"start":{"line":49,"column":4},"end":{"line":49,"column":null}},"20":{"start":{"line":50,"column":4},"end":{"line":50,"column":null}},"21":{"start":{"line":50,"column":29},"end":{"line":50,"column":71}},"22":{"start":{"line":51,"column":4},"end":{"line":51,"column":null}},"23":{"start":{"line":57,"column":4},"end":{"line":66,"column":null}},"24":{"start":{"line":57,"column":17},"end":{"line":57,"column":20}},"25":{"start":{"line":58,"column":6},"end":{"line":65,"column":null}},"26":{"start":{"line":58,"column":19},"end":{"line":58,"column":22}},"27":{"start":{"line":59,"column":8},"end":{"line":64,"column":null}},"28":{"start":{"line":64,"column":10},"end":{"line":64,"column":null}},"29":{"start":{"line":69,"column":4},"end":{"line":78,"column":null}},"30":{"start":{"line":69,"column":17},"end":{"line":69,"column":20}},"31":{"start":{"line":70,"column":6},"end":{"line":77,"column":null}},"32":{"start":{"line":70,"column":19},"end":{"line":70,"column":22}},"33":{"start":{"line":71,"column":8},"end":{"line":76,"column":null}},"34":{"start":{"line":76,"column":10},"end":{"line":76,"column":null}},"35":{"start":{"line":81,"column":4},"end":{"line":90,"column":null}},"36":{"start":{"line":81,"column":17},"end":{"line":81,"column":20}},"37":{"start":{"line":82,"column":6},"end":{"line":89,"column":null}},"38":{"start":{"line":82,"column":19},"end":{"line":82,"column":22}},"39":{"start":{"line":83,"column":8},"end":{"line":88,"column":null}},"40":{"start":{"line":88,"column":10},"end":{"line":88,"column":null}},"41":{"start":{"line":93,"column":4},"end":{"line":102,"column":null}},"42":{"start":{"line":93,"column":17},"end":{"line":93,"column":20}},"43":{"start":{"line":94,"column":6},"end":{"line":101,"column":null}},"44":{"start":{"line":94,"column":19},"end":{"line":94,"column":22}},"45":{"start":{"line":95,"column":8},"end":{"line":100,"column":null}},"46":{"start":{"line":100,"column":10},"end":{"line":100,"column":null}},"47":{"start":{"line":104,"column":4},"end":{"line":104,"column":null}},"48":{"start":{"line":109,"column":4},"end":{"line":109,"column":null}}},"fnMap":{"0":{"name":"(anonymous_0)","decl":{"start":{"line":9,"column":2},"end":{"line":9,"column":16}},"loc":{"start":{"line":9,"column":16},"end":{"line":13,"column":null}},"line":9},"1":{"name":"(anonymous_1)","decl":{"start":{"line":10,"column":50},"end":{"line":10,"column":null}},"loc":{"start":{"line":11,"column":6},"end":{"line":11,"column":null}},"line":11},"2":{"name":"(anonymous_2)","decl":{"start":{"line":21,"column":9},"end":{"line":21,"column":19}},"loc":{"start":{"line":21,"column":56},"end":{"line":37,"column":null}},"line":21},"3":{"name":"(anonymous_3)","decl":{"start":{"line":40,"column":9},"end":{"line":40,"column":22}},"loc":{"start":{"line":40,"column":44},"end":{"line":45,"column":null}},"line":40},"4":{"name":"(anonymous_4)","decl":{"start":{"line":48,"column":9},"end":{"line":48,"column":28}},"loc":{"start":{"line":48,"column":28},"end":{"line":52,"column":null}},"line":48},"5":{"name":"(anonymous_5)","decl":{"start":{"line":50,"column":22},"end":{"line":50,"column":29}},"loc":{"start":{"line":50,"column":29},"end":{"line":50,"column":71}},"line":50},"6":{"name":"(anonymous_6)","decl":{"start":{"line":55,"column":9},"end":{"line":55,"column":18}},"loc":{"start":{"line":55,"column":42},"end":{"line":105,"column":null}},"line":55},"7":{"name":"(anonymous_7)","decl":{"start":{"line":108,"column":9},"end":{"line":108,"column":31}},"loc":{"start":{"line":108,"column":31},"end":{"line":110,"column":null}},"line":108}},"branchMap":{"0":{"loc":{"start":{"line":22,"column":4},"end":{"line":24,"column":null}},"type":"if","locations":[{"start":{"line":22,"column":4},"end":{"line":24,"column":null}},{"start":{},"end":{}}],"line":22},"1":{"loc":{"start":{"line":22,"column":8},"end":{"line":22,"column":37}},"type":"binary-expr","locations":[{"start":{"line":22,"column":8},"end":{"line":22,"column":19}},{"start":{"line":22,"column":19},"end":{"line":22,"column":37}}],"line":22},"2":{"loc":{"start":{"line":25,"column":4},"end":{"line":27,"column":null}},"type":"if","locations":[{"start":{"line":25,"column":4},"end":{"line":27,"column":null}},{"start":{},"end":{}}],"line":25},"3":{"loc":{"start":{"line":25,"column":8},"end":{"line":25,"column":40}},"type":"binary-expr","locations":[{"start":{"line":25,"column":8},"end":{"line":25,"column":25}},{"start":{"line":25,"column":25},"end":{"line":25,"column":40}}],"line":25},"4":{"loc":{"start":{"line":28,"column":4},"end":{"line":28,"column":null}},"type":"if","locations":[{"start":{"line":28,"column":4},"end":{"line":28,"column":null}},{"start":{},"end":{}}],"line":28},"5":{"loc":{"start":{"line":31,"column":6},"end":{"line":34,"column":null}},"type":"if","locations":[{"start":{"line":31,"column":6},"end":{"line":34,"column":null}},{"start":{},"end":{}}],"line":31},"6":{"loc":{"start":{"line":41,"column":4},"end":{"line":43,"column":null}},"type":"if","locations":[{"start":{"line":41,"column":4},"end":{"line":43,"column":null}},{"start":{},"end":{}}],"line":41},"7":{"loc":{"start":{"line":41,"column":8},"end":{"line":41,"column":37}},"type":"binary-expr","locations":[{"start":{"line":41,"column":8},"end":{"line":41,"column":19}},{"start":{"line":41,"column":19},"end":{"line":41,"column":37}}],"line":41},"8":{"loc":{"start":{"line":59,"column":8},"end":{"line":64,"column":null}},"type":"if","locations":[{"start":{"line":59,"column":8},"end":{"line":64,"column":null}},{"start":{},"end":{}}],"line":59},"9":{"loc":{"start":{"line":60,"column":10},"end":{"line":63,"column":null}},"type":"binary-expr","locations":[{"start":{"line":60,"column":10},"end":{"line":60,"column":null}},{"start":{"line":61,"column":10},"end":{"line":61,"column":null}},{"start":{"line":62,"column":10},"end":{"line":62,"column":null}},{"start":{"line":63,"column":10},"end":{"line":63,"column":null}}],"line":60},"10":{"loc":{"start":{"line":71,"column":8},"end":{"line":76,"column":null}},"type":"if","locations":[{"start":{"line":71,"column":8},"end":{"line":76,"column":null}},{"start":{},"end":{}}],"line":71},"11":{"loc":{"start":{"line":72,"column":10},"end":{"line":75,"column":null}},"type":"binary-expr","locations":[{"start":{"line":72,"column":10},"end":{"line":72,"column":null}},{"start":{"line":73,"column":10},"end":{"line":73,"column":null}},{"start":{"line":74,"column":10},"end":{"line":74,"column":null}},{"start":{"line":75,"column":10},"end":{"line":75,"column":null}}],"line":72},"12":{"loc":{"start":{"line":83,"column":8},"end":{"line":88,"column":null}},"type":"if","locations":[{"start":{"line":83,"column":8},"end":{"line":88,"column":null}},{"start":{},"end":{}}],"line":83},"13":{"loc":{"start":{"line":84,"column":10},"end":{"line":87,"column":null}},"type":"binary-expr","locations":[{"start":{"line":84,"column":10},"end":{"line":84,"column":null}},{"start":{"line":85,"column":10},"end":{"line":85,"column":null}},{"start":{"line":86,"column":10},"end":{"line":86,"column":null}},{"start":{"line":87,"column":10},"end":{"line":87,"column":null}}],"line":84},"14":{"loc":{"start":{"line":95,"column":8},"end":{"line":100,"column":null}},"type":"if","locations":[{"start":{"line":95,"column":8},"end":{"line":100,"column":null}},{"start":{},"end":{}}],"line":95},"15":{"loc":{"start":{"line":96,"column":10},"end":{"line":99,"column":null}},"type":"binary-expr","locations":[{"start":{"line":96,"column":10},"end":{"line":96,"column":null}},{"start":{"line":97,"column":10},"end":{"line":97,"column":null}},{"start":{"line":98,"column":10},"end":{"line":98,"column":null}},{"start":{"line":99,"column":10},"end":{"line":99,"column":null}}],"line":96}},"s":{"0":18,"1":18,"2":18,"3":108,"4":67,"5":2,"6":65,"7":1,"8":64,"9":2,"10":62,"11":62,"12":143,"13":62,"14":62,"15":0,"16":65,"17":0,"18":65,"19":0,"20":0,"21":0,"22":0,"23":20,"24":20,"25":120,"26":120,"27":474,"28":2,"29":18,"30":18,"31":54,"32":54,"33":366,"34":2,"35":16,"36":16,"37":48,"38":48,"39":189,"40":1,"41":15,"42":15,"43":45,"44":45,"45":177,"46":1,"47":14,"48":3},"f":{"0":18,"1":108,"2":67,"3":65,"4":0,"5":0,"6":20,"7":3},"b":{"0":[2,65],"1":[67,66],"2":[1,64],"3":[65,21],"4":[2,62],"5":[62,81],"6":[0,65],"7":[65,65],"8":[2,472],"9":[474,44,2,2],"10":[2,364],"11":[366,8,2,2],"12":[1,188],"13":[189,6,1,1],"14":[1,176],"15":[177,25,3,2]},"meta":{"lastBranch":16,"lastFunction":8,"lastStatement":49,"seen":{"s:5:26:5:Infinity":0,"s:6:26:6:Infinity":1,"f:9:2:9:16":0,"s:10:4:12:Infinity":2,"f:10:50:10:Infinity":1,"s:11:6:11:Infinity":3,"f:21:9:21:19":2,"b:22:4:24:Infinity:undefined:undefined:undefined:undefined":0,"s:22:4:24:Infinity":4,"b:22:8:22:19:22:19:22:37":1,"s:23:6:23:Infinity":5,"b:25:4:27:Infinity:undefined:undefined:undefined:undefined":2,"s:25:4:27:Infinity":6,"b:25:8:25:25:25:25:25:40":3,"s:26:6:26:Infinity":7,"b:28:4:28:Infinity:undefined:undefined:undefined:undefined":4,"s:28:4:28:Infinity":8,"s:28:32:28:Infinity":9,"s:30:4:35:Infinity":10,"s:30:19:30:34":11,"b:31:6:34:Infinity:undefined:undefined:undefined:undefined":5,"s:31:6:34:Infinity":12,"s:32:8:32:Infinity":13,"s:33:8:33:Infinity":14,"s:36:4:36:Infinity":15,"f:40:9:40:22":3,"b:41:4:43:Infinity:undefined:undefined:undefined:undefined":6,"s:41:4:43:Infinity":16,"b:41:8:41:19:41:19:41:37":7,"s:42:6:42:Infinity":17,"s:44:4:44:Infinity":18,"f:48:9:48:28":4,"s:49:4:49:Infinity":19,"s:50:4:50:Infinity":20,"f:50:22:50:29":5,"s:50:29:50:71":21,"s:51:4:51:Infinity":22,"f:55:9:55:18":6,"s:57:4:66:Infinity":23,"s:57:17:57:20":24,"s:58:6:65:Infinity":25,"s:58:19:58:22":26,"b:59:8:64:Infinity:undefined:undefined:undefined:undefined":8,"s:59:8:64:Infinity":27,"b:60:10:60:Infinity:61:10:61:Infinity:62:10:62:Infinity:63:10:63:Infinity":9,"s:64:10:64:Infinity":28,"s:69:4:78:Infinity":29,"s:69:17:69:20":30,"s:70:6:77:Infinity":31,"s:70:19:70:22":32,"b:71:8:76:Infinity:undefined:undefined:undefined:undefined":10,"s:71:8:76:Infinity":33,"b:72:10:72:Infinity:73:10:73:Infinity:74:10:74:Infinity:75:10:75:Infinity":11,"s:76:10:76:Infinity":34,"s:81:4:90:Infinity":35,"s:81:17:81:20":36,"s:82:6:89:Infinity":37,"s:82:19:82:22":38,"b:83:8:88:Infinity:undefined:undefined:undefined:undefined":12,"s:83:8:88:Infinity":39,"b:84:10:84:Infinity:85:10:85:Infinity:86:10:86:Infinity:87:10:87:Infinity":13,"s:88:10:88:Infinity":40,"s:93:4:102:Infinity":41,"s:93:17:93:20":42,"s:94:6:101:Infinity":43,"s:94:19:94:22":44,"b:95:8:100:Infinity:undefined:undefined:undefined:undefined":14,"s:95:8:100:Infinity":45,"b:96:10:96:Infinity:97:10:97:Infinity:98:10:98:Infinity:99:10:99:Infinity":15,"s:100:10:100:Infinity":46,"s:104:4:104:Infinity":47,"f:108:9:108:31":7,"s:109:4:109:Infinity":48}}}
,"/home/usuario/prct05-objects-classes-interfaces-IkerMartinG/src/ejercicio-2/GameEngine.ts": {"path":"/home/usuario/prct05-objects-classes-interfaces-IkerMartinG/src/ejercicio-2/GameEngine.ts","statementMap":{"0":{"start":{"line":9,"column":18},"end":{"line":9,"column":null}},"1":{"start":{"line":11,"column":31},"end":{"line":11,"column":null}},"2":{"start":{"line":14,"column":4},"end":{"line":17,"column":null}},"3":{"start":{"line":22,"column":4},"end":{"line":22,"column":null}},"4":{"start":{"line":27,"column":4},"end":{"line":27,"column":null}},"5":{"start":{"line":32,"column":4},"end":{"line":34,"column":null}},"6":{"start":{"line":33,"column":6},"end":{"line":33,"column":null}},"7":{"start":{"line":36,"column":19},"end":{"line":36,"column":null}},"8":{"start":{"line":37,"column":20},"end":{"line":37,"column":null}},"9":{"start":{"line":39,"column":4},"end":{"line":39,"column":null}},"10":{"start":{"line":39,"column":18},"end":{"line":39,"column":null}},"11":{"start":{"line":41,"column":19},"end":{"line":41,"column":null}},"12":{"start":{"line":43,"column":4},"end":{"line":45,"column":null}},"13":{"start":{"line":44,"column":6},"end":{"line":44,"column":null}},"14":{"start":{"line":47,"column":4},"end":{"line":47,"column":null}},"15":{"start":{"line":52,"column":4},"end":{"line":52,"column":null}}},"fnMap":{"0":{"name":"(anonymous_0)","decl":{"start":{"line":13,"column":2},"end":{"line":13,"column":16}},"loc":{"start":{"line":13,"column":16},"end":{"line":18,"column":null}},"line":13},"1":{"name":"(anonymous_1)","decl":{"start":{"line":21,"column":2},"end":{"line":21,"column":29}},"loc":{"start":{"line":21,"column":29},"end":{"line":23,"column":null}},"line":21},"2":{"name":"(anonymous_2)","decl":{"start":{"line":26,"column":2},"end":{"line":26,"column":17}},"loc":{"start":{"line":26,"column":39},"end":{"line":28,"column":null}},"line":26},"3":{"name":"(anonymous_3)","decl":{"start":{"line":31,"column":2},"end":{"line":31,"column":11}},"loc":{"start":{"line":31,"column":63},"end":{"line":48,"column":null}},"line":31},"4":{"name":"(anonymous_4)","decl":{"start":{"line":51,"column":2},"end":{"line":51,"column":13}},"loc":{"start":{"line":51,"column":13},"end":{"line":53,"column":null}},"line":51}},"branchMap":{"0":{"loc":{"start":{"line":27,"column":11},"end":{"line":27,"column":null}},"type":"binary-expr","locations":[{"start":{"line":27,"column":11},"end":{"line":27,"column":23}},{"start":{"line":27,"column":23},"end":{"line":27,"column":null}}],"line":27},"1":{"loc":{"start":{"line":32,"column":4},"end":{"line":34,"column":null}},"type":"if","locations":[{"start":{"line":32,"column":4},"end":{"line":34,"column":null}},{"start":{},"end":{}}],"line":32},"2":{"loc":{"start":{"line":39,"column":4},"end":{"line":39,"column":null}},"type":"if","locations":[{"start":{"line":39,"column":4},"end":{"line":39,"column":null}},{"start":{},"end":{}}],"line":39},"3":{"loc":{"start":{"line":43,"column":4},"end":{"line":45,"column":null}},"type":"if","locations":[{"start":{"line":43,"column":4},"end":{"line":45,"column":null}},{"start":{},"end":{}}],"line":43}},"s":{"0":7,"1":7,"2":7,"3":18,"4":20,"5":17,"6":1,"7":16,"8":16,"9":16,"10":1,"11":15,"12":15,"13":14,"14":15,"15":0},"f":{"0":7,"1":18,"2":20,"3":17,"4":0},"b":{"0":[20,19],"1":[1,16],"2":[1,15],"3":[14,1]},"meta":{"lastBranch":4,"lastFunction":5,"lastStatement":16,"seen":{"s:9:18:9:Infinity":0,"s:11:31:11:Infinity":1,"f:13:2:13:16":0,"s:14:4:17:Infinity":2,"f:21:2:21:29":1,"s:22:4:22:Infinity":3,"f:26:2:26:17":2,"s:27:4:27:Infinity":4,"b:27:11:27:23:27:23:27:Infinity":0,"f:31:2:31:11":3,"b:32:4:34:Infinity:undefined:undefined:undefined:undefined":1,"s:32:4:34:Infinity":5,"s:33:6:33:Infinity":6,"s:36:19:36:Infinity":7,"s:37:20:37:Infinity":8,"b:39:4:39:Infinity:undefined:undefined:undefined:undefined":2,"s:39:4:39:Infinity":9,"s:39:18:39:Infinity":10,"s:41:19:41:Infinity":11,"b:43:4:45:Infinity:undefined:undefined:undefined:undefined":3,"s:43:4:45:Infinity":12,"s:44:6:44:Infinity":13,"s:47:4:47:Infinity":14,"f:51:2:51:13":4,"s:52:4:52:Infinity":15}}}
,"/home/usuario/prct05-objects-classes-interfaces-IkerMartinG/src/ejercicio-2/Player.ts": {"path":"/home/usuario/prct05-objects-classes-interfaces-IkerMartinG/src/ejercicio-2/Player.ts","statementMap":{"0":{"start":{"line":13,"column":20},"end":{"line":13,"column":null}},"1":{"start":{"line":14,"column":20},"end":{"line":14,"column":null}},"2":{"start":{"line":16,"column":4},"end":{"line":18,"column":null}},"3":{"start":{"line":17,"column":6},"end":{"line":17,"column":null}},"4":{"start":{"line":19,"column":4},"end":{"line":21,"column":null}},"5":{"start":{"line":20,"column":6},"end":{"line":20,"column":null}}},"fnMap":{"0":{"name":"(anonymous_0)","decl":{"start":{"line":12,"column":2},"end":{"line":12,"column":null}},"loc":{"start":{"line":15,"column":4},"end":{"line":22,"column":null}},"line":15}},"branchMap":{"0":{"loc":{"start":{"line":16,"column":4},"end":{"line":18,"column":null}},"type":"if","locations":[{"start":{"line":16,"column":4},"end":{"line":18,"column":null}},{"start":{},"end":{}}],"line":16},"1":{"loc":{"start":{"line":19,"column":4},"end":{"line":21,"column":null}},"type":"if","locations":[{"start":{"line":19,"column":4},"end":{"line":21,"column":null}},{"start":{},"end":{}}],"line":19},"2":{"loc":{"start":{"line":19,"column":8},"end":{"line":19,"column":40}},"type":"binary-expr","locations":[{"start":{"line":19,"column":8},"end":{"line":19,"column":25}},{"start":{"line":19,"column":25},"end":{"line":19,"column":40}}],"line":19}},"s":{"0":20,"1":20,"2":20,"3":1,"4":19,"5":1},"f":{"0":20},"b":{"0":[1,19],"1":[1,18],"2":[19,9]},"meta":{"lastBranch":3,"lastFunction":1,"lastStatement":6,"seen":{"f:12:2:12:Infinity":0,"s:13:20:13:Infinity":0,"s:14:20:14:Infinity":1,"b:16:4:18:Infinity:undefined:undefined:undefined:undefined":0,"s:16:4:18:Infinity":2,"s:17:6:17:Infinity":3,"b:19:4:21:Infinity:undefined:undefined:undefined:undefined":1,"s:19:4:21:Infinity":4,"b:19:8:19:25:19:25:19:40":2,"s:20:6:20:Infinity":5}}}
,"/home/usuario/prct05-objects-classes-interfaces-IkerMartinG/src/ejercicio-3/Chef.ts": {"path":"/home/usuario/prct05-objects-classes-interfaces-IkerMartinG/src/ejercicio-3/Chef.ts","statementMap":{"0":{"start":{"line":12,"column":4},"end":{"line":12,"column":null}},"1":{"start":{"line":13,"column":4},"end":{"line":13,"column":null}},"2":{"start":{"line":14,"column":4},"end":{"line":14,"column":null}},"3":{"start":{"line":15,"column":4},"end":{"line":15,"column":null}},"4":{"start":{"line":19,"column":4},"end":{"line":19,"column":null}},"5":{"start":{"line":23,"column":4},"end":{"line":23,"column":null}},"6":{"start":{"line":27,"column":4},"end":{"line":27,"column":null}},"7":{"start":{"line":31,"column":4},"end":{"line":31,"column":null}},"8":{"start":{"line":31,"column":27},"end":{"line":31,"column":null}},"9":{"start":{"line":32,"column":4},"end":{"line":32,"column":null}},"10":{"start":{"line":32,"column":28},"end":{"line":32,"column":null}},"11":{"start":{"line":33,"column":4},"end":{"line":34,"column":null}},"12":{"start":{"line":34,"column":6},"end":{"line":34,"column":null}},"13":{"start":{"line":35,"column":4},"end":{"line":35,"column":null}},"14":{"start":{"line":35,"column":32},"end":{"line":35,"column":44}}},"fnMap":{"0":{"name":"(anonymous_0)","decl":{"start":{"line":11,"column":2},"end":{"line":11,"column":14}},"loc":{"start":{"line":11,"column":67},"end":{"line":16,"column":null}},"line":11},"1":{"name":"(anonymous_1)","decl":{"start":{"line":18,"column":6},"end":{"line":18,"column":13}},"loc":{"start":{"line":18,"column":13},"end":{"line":20,"column":null}},"line":18},"2":{"name":"(anonymous_2)","decl":{"start":{"line":22,"column":6},"end":{"line":22,"column":18}},"loc":{"start":{"line":22,"column":18},"end":{"line":24,"column":null}},"line":22},"3":{"name":"(anonymous_3)","decl":{"start":{"line":26,"column":6},"end":{"line":26,"column":16}},"loc":{"start":{"line":26,"column":16},"end":{"line":28,"column":null}},"line":26},"4":{"name":"(anonymous_4)","decl":{"start":{"line":30,"column":2},"end":{"line":30,"column":19}},"loc":{"start":{"line":30,"column":19},"end":{"line":36,"column":null}},"line":30},"5":{"name":"(anonymous_5)","decl":{"start":{"line":35,"column":25},"end":{"line":35,"column":26}},"loc":{"start":{"line":35,"column":32},"end":{"line":35,"column":44}},"line":35}},"branchMap":{"0":{"loc":{"start":{"line":31,"column":4},"end":{"line":31,"column":null}},"type":"if","locations":[{"start":{"line":31,"column":4},"end":{"line":31,"column":null}},{"start":{},"end":{}}],"line":31},"1":{"loc":{"start":{"line":32,"column":4},"end":{"line":32,"column":null}},"type":"if","locations":[{"start":{"line":32,"column":4},"end":{"line":32,"column":null}},{"start":{},"end":{}}],"line":32},"2":{"loc":{"start":{"line":33,"column":4},"end":{"line":34,"column":null}},"type":"if","locations":[{"start":{"line":33,"column":4},"end":{"line":34,"column":null}},{"start":{},"end":{}}],"line":33}},"s":{"0":4,"1":4,"2":4,"3":4,"4":9,"5":6,"6":12,"7":7,"8":1,"9":6,"10":6,"11":5,"12":0,"13":5,"14":5},"f":{"0":4,"1":9,"2":6,"3":12,"4":7,"5":5},"b":{"0":[1,6],"1":[1,5],"2":[0,5]},"meta":{"lastBranch":3,"lastFunction":6,"lastStatement":15,"seen":{"f:11:2:11:14":0,"s:12:4:12:Infinity":0,"s:13:4:13:Infinity":1,"s:14:4:14:Infinity":2,"s:15:4:15:Infinity":3,"f:18:6:18:13":1,"s:19:4:19:Infinity":4,"f:22:6:22:18":2,"s:23:4:23:Infinity":5,"f:26:6:26:16":3,"s:27:4:27:Infinity":6,"f:30:2:30:19":4,"b:31:4:31:Infinity:undefined:undefined:undefined:undefined":0,"s:31:4:31:Infinity":7,"s:31:27:31:Infinity":8,"b:32:4:32:Infinity:undefined:undefined:undefined:undefined":1,"s:32:4:32:Infinity":9,"s:32:28:32:Infinity":10,"b:33:4:34:Infinity:undefined:undefined:undefined:undefined":2,"s:33:4:34:Infinity":11,"s:34:6:34:Infinity":12,"s:35:4:35:Infinity":13,"f:35:25:35:26":5,"s:35:32:35:44":14}}}
,"/home/usuario/prct05-objects-classes-interfaces-IkerMartinG/src/ejercicio-3/CookbookManager.ts": {"path":"/home/usuario/prct05-objects-classes-interfaces-IkerMartinG/src/ejercicio-3/CookbookManager.ts","statementMap":{"0":{"start":{"line":9,"column":27},"end":{"line":9,"column":null}},"1":{"start":{"line":12,"column":4},"end":{"line":12,"column":null}},"2":{"start":{"line":13,"column":4},"end":{"line":13,"column":null}},"3":{"start":{"line":18,"column":4},"end":{"line":24,"column":null}},"4":{"start":{"line":19,"column":27},"end":{"line":23,"column":8}},"5":{"start":{"line":29,"column":4},"end":{"line":31,"column":null}},"6":{"start":{"line":30,"column":6},"end":{"line":30,"column":null}},"7":{"start":{"line":36,"column":4},"end":{"line":37,"column":null}},"8":{"start":{"line":36,"column":35},"end":{"line":36,"column":44}},"9":{"start":{"line":37,"column":19},"end":{"line":37,"column":68}},"10":{"start":{"line":42,"column":4},"end":{"line":44,"column":null}},"11":{"start":{"line":42,"column":35},"end":{"line":42,"column":44}},"12":{"start":{"line":43,"column":20},"end":{"line":43,"column":27}},"13":{"start":{"line":44,"column":19},"end":{"line":44,"column":80}},"14":{"start":{"line":44,"column":36},"end":{"line":44,"column":79}},"15":{"start":{"line":49,"column":4},"end":{"line":57,"column":null}},"16":{"start":{"line":50,"column":24},"end":{"line":56,"column":8}},"17":{"start":{"line":62,"column":4},"end":{"line":70,"column":null}},"18":{"start":{"line":63,"column":22},"end":{"line":69,"column":8}}},"fnMap":{"0":{"name":"(anonymous_0)","decl":{"start":{"line":11,"column":2},"end":{"line":11,"column":10}},"loc":{"start":{"line":11,"column":29},"end":{"line":14,"column":null}},"line":11},"1":{"name":"(anonymous_1)","decl":{"start":{"line":17,"column":2},"end":{"line":17,"column":20}},"loc":{"start":{"line":17,"column":20},"end":{"line":25,"column":null}},"line":17},"2":{"name":"(anonymous_2)","decl":{"start":{"line":19,"column":21},"end":{"line":19,"column":27}},"loc":{"start":{"line":19,"column":27},"end":{"line":23,"column":8}},"line":19},"3":{"name":"(anonymous_3)","decl":{"start":{"line":28,"column":2},"end":{"line":28,"column":14}},"loc":{"start":{"line":28,"column":37},"end":{"line":32,"column":null}},"line":28},"4":{"name":"(anonymous_4)","decl":{"start":{"line":29,"column":29},"end":{"line":29,"column":null}},"loc":{"start":{"line":30,"column":6},"end":{"line":30,"column":null}},"line":30},"5":{"name":"(anonymous_5)","decl":{"start":{"line":35,"column":2},"end":{"line":35,"column":16}},"loc":{"start":{"line":35,"column":41},"end":{"line":38,"column":null}},"line":35},"6":{"name":"(anonymous_6)","decl":{"start":{"line":36,"column":30},"end":{"line":36,"column":35}},"loc":{"start":{"line":36,"column":35},"end":{"line":36,"column":44}},"line":36},"7":{"name":"(anonymous_7)","decl":{"start":{"line":37,"column":14},"end":{"line":37,"column":19}},"loc":{"start":{"line":37,"column":19},"end":{"line":37,"column":68}},"line":37},"8":{"name":"(anonymous_8)","decl":{"start":{"line":41,"column":2},"end":{"line":41,"column":14}},"loc":{"start":{"line":41,"column":36},"end":{"line":45,"column":null}},"line":41},"9":{"name":"(anonymous_9)","decl":{"start":{"line":42,"column":30},"end":{"line":42,"column":35}},"loc":{"start":{"line":42,"column":35},"end":{"line":42,"column":44}},"line":42},"10":{"name":"(anonymous_10)","decl":{"start":{"line":43,"column":15},"end":{"line":43,"column":20}},"loc":{"start":{"line":43,"column":20},"end":{"line":43,"column":27}},"line":43},"11":{"name":"(anonymous_11)","decl":{"start":{"line":44,"column":14},"end":{"line":44,"column":19}},"loc":{"start":{"line":44,"column":19},"end":{"line":44,"column":80}},"line":44},"12":{"name":"(anonymous_12)","decl":{"start":{"line":44,"column":31},"end":{"line":44,"column":36}},"loc":{"start":{"line":44,"column":36},"end":{"line":44,"column":79}},"line":44},"13":{"name":"(anonymous_13)","decl":{"start":{"line":48,"column":2},"end":{"line":48,"column":14}},"loc":{"start":{"line":48,"column":40},"end":{"line":58,"column":null}},"line":48},"14":{"name":"(anonymous_14)","decl":{"start":{"line":50,"column":18},"end":{"line":50,"column":24}},"loc":{"start":{"line":50,"column":24},"end":{"line":56,"column":8}},"line":50},"15":{"name":"(anonymous_15)","decl":{"start":{"line":61,"column":2},"end":{"line":61,"column":12}},"loc":{"start":{"line":61,"column":34},"end":{"line":71,"column":null}},"line":61},"16":{"name":"(anonymous_16)","decl":{"start":{"line":63,"column":16},"end":{"line":63,"column":22}},"loc":{"start":{"line":63,"column":22},"end":{"line":69,"column":8}},"line":63}},"branchMap":{},"s":{"0":3,"1":3,"2":3,"3":0,"4":0,"5":1,"6":1,"7":1,"8":1,"9":1,"10":1,"11":1,"12":1,"13":1,"14":1,"15":0,"16":0,"17":0,"18":0},"f":{"0":3,"1":0,"2":0,"3":1,"4":1,"5":1,"6":1,"7":1,"8":1,"9":1,"10":1,"11":1,"12":1,"13":0,"14":0,"15":0,"16":0},"b":{},"meta":{"lastBranch":0,"lastFunction":17,"lastStatement":19,"seen":{"s:9:27:9:Infinity":0,"f:11:2:11:10":0,"s:12:4:12:Infinity":1,"s:13:4:13:Infinity":2,"f:17:2:17:20":1,"s:18:4:24:Infinity":3,"f:19:21:19:27":2,"s:19:27:23:8":4,"f:28:2:28:14":3,"s:29:4:31:Infinity":5,"f:29:29:29:Infinity":4,"s:30:6:30:Infinity":6,"f:35:2:35:16":5,"s:36:4:37:Infinity":7,"f:36:30:36:35":6,"s:36:35:36:44":8,"f:37:14:37:19":7,"s:37:19:37:68":9,"f:41:2:41:14":8,"s:42:4:44:Infinity":10,"f:42:30:42:35":9,"s:42:35:42:44":11,"f:43:15:43:20":10,"s:43:20:43:27":12,"f:44:14:44:19":11,"s:44:19:44:80":13,"f:44:31:44:36":12,"s:44:36:44:79":14,"f:48:2:48:14":13,"s:49:4:57:Infinity":15,"f:50:18:50:24":14,"s:50:24:56:8":16,"f:61:2:61:12":15,"s:62:4:70:Infinity":17,"f:63:16:63:22":16,"s:63:22:69:8":18}}}
,"/home/usuario/prct05-objects-classes-interfaces-IkerMartinG/src/ejercicio-3/Recipe.ts": {"path":"/home/usuario/prct05-objects-classes-interfaces-IkerMartinG/src/ejercicio-3/Recipe.ts","statementMap":{"0":{"start":{"line":12,"column":4},"end":{"line":12,"column":null}},"1":{"start":{"line":13,"column":4},"end":{"line":13,"column":null}},"2":{"start":{"line":14,"column":4},"end":{"line":14,"column":null}},"3":{"start":{"line":15,"column":4},"end":{"line":15,"column":null}},"4":{"start":{"line":19,"column":4},"end":{"line":19,"column":null}},"5":{"start":{"line":23,"column":4},"end":{"line":23,"column":null}},"6":{"start":{"line":27,"column":4},"end":{"line":27,"column":null}},"7":{"start":{"line":32,"column":4},"end":{"line":32,"column":null}},"8":{"start":{"line":32,"column":28},"end":{"line":32,"column":null}},"9":{"start":{"line":33,"column":4},"end":{"line":35,"column":null}},"10":{"start":{"line":34,"column":6},"end":{"line":34,"column":null}},"11":{"start":{"line":36,"column":4},"end":{"line":38,"column":null}},"12":{"start":{"line":37,"column":6},"end":{"line":37,"column":null}},"13":{"start":{"line":39,"column":4},"end":{"line":39,"column":null}},"14":{"start":{"line":39,"column":31},"end":{"line":39,"column":43}},"15":{"start":{"line":44,"column":4},"end":{"line":44,"column":null}},"16":{"start":{"line":51,"column":14},"end":{"line":51,"column":null}},"17":{"start":{"line":52,"column":14},"end":{"line":52,"column":null}},"18":{"start":{"line":54,"column":4},"end":{"line":57,"column":null}},"19":{"start":{"line":55,"column":6},"end":{"line":55,"column":null}},"20":{"start":{"line":55,"column":26},"end":{"line":55,"column":null}},"21":{"start":{"line":56,"column":6},"end":{"line":56,"column":null}},"22":{"start":{"line":59,"column":4},"end":{"line":59,"column":null}}},"fnMap":{"0":{"name":"(anonymous_0)","decl":{"start":{"line":11,"column":2},"end":{"line":11,"column":14}},"loc":{"start":{"line":11,"column":58},"end":{"line":16,"column":null}},"line":11},"1":{"name":"(anonymous_1)","decl":{"start":{"line":18,"column":6},"end":{"line":18,"column":13}},"loc":{"start":{"line":18,"column":13},"end":{"line":20,"column":null}},"line":18},"2":{"name":"(anonymous_2)","decl":{"start":{"line":22,"column":6},"end":{"line":22,"column":13}},"loc":{"start":{"line":22,"column":13},"end":{"line":24,"column":null}},"line":22},"3":{"name":"(anonymous_3)","decl":{"start":{"line":26,"column":6},"end":{"line":26,"column":14}},"loc":{"start":{"line":26,"column":14},"end":{"line":28,"column":null}},"line":26},"4":{"name":"(anonymous_4)","decl":{"start":{"line":31,"column":2},"end":{"line":31,"column":19}},"loc":{"start":{"line":31,"column":19},"end":{"line":40,"column":null}},"line":31},"5":{"name":"(anonymous_5)","decl":{"start":{"line":39,"column":24},"end":{"line":39,"column":25}},"loc":{"start":{"line":39,"column":31},"end":{"line":39,"column":43}},"line":39},"6":{"name":"(anonymous_6)","decl":{"start":{"line":43,"column":2},"end":{"line":43,"column":25}},"loc":{"start":{"line":43,"column":25},"end":{"line":45,"column":null}},"line":43},"7":{"name":"(anonymous_7)","decl":{"start":{"line":50,"column":2},"end":{"line":50,"column":47}},"loc":{"start":{"line":50,"column":47},"end":{"line":60,"column":null}},"line":50}},"branchMap":{"0":{"loc":{"start":{"line":32,"column":4},"end":{"line":32,"column":null}},"type":"if","locations":[{"start":{"line":32,"column":4},"end":{"line":32,"column":null}},{"start":{},"end":{}}],"line":32},"1":{"loc":{"start":{"line":33,"column":4},"end":{"line":35,"column":null}},"type":"if","locations":[{"start":{"line":33,"column":4},"end":{"line":35,"column":null}},{"start":{},"end":{}}],"line":33},"2":{"loc":{"start":{"line":33,"column":8},"end":{"line":33,"column":68}},"type":"binary-expr","locations":[{"start":{"line":33,"column":8},"end":{"line":33,"column":29}},{"start":{"line":33,"column":29},"end":{"line":33,"column":68}}],"line":33},"3":{"loc":{"start":{"line":36,"column":4},"end":{"line":38,"column":null}},"type":"if","locations":[{"start":{"line":36,"column":4},"end":{"line":38,"column":null}},{"start":{},"end":{}}],"line":36},"4":{"loc":{"start":{"line":36,"column":8},"end":{"line":36,"column":65}},"type":"binary-expr","locations":[{"start":{"line":36,"column":8},"end":{"line":36,"column":39}},{"start":{"line":36,"column":39},"end":{"line":36,"column":65}}],"line":36},"5":{"loc":{"start":{"line":55,"column":6},"end":{"line":55,"column":null}},"type":"if","locations":[{"start":{"line":55,"column":6},"end":{"line":55,"column":null}},{"start":{},"end":{}}],"line":55}},"s":{"0":5,"1":5,"2":5,"3":5,"4":1,"5":0,"6":1,"7":10,"8":1,"9":9,"10":1,"11":8,"12":0,"13":8,"14":9,"15":1,"16":0,"17":0,"18":0,"19":0,"20":0,"21":0,"22":0},"f":{"0":5,"1":1,"2":0,"3":1,"4":10,"5":9,"6":1,"7":0},"b":{"0":[1,9],"1":[1,8],"2":[9,8],"3":[0,8],"4":[8,8],"5":[0,0]},"meta":{"lastBranch":6,"lastFunction":8,"lastStatement":23,"seen":{"f:11:2:11:14":0,"s:12:4:12:Infinity":0,"s:13:4:13:Infinity":1,"s:14:4:14:Infinity":2,"s:15:4:15:Infinity":3,"f:18:6:18:13":1,"s:19:4:19:Infinity":4,"f:22:6:22:13":2,"s:23:4:23:Infinity":5,"f:26:6:26:14":3,"s:27:4:27:Infinity":6,"f:31:2:31:19":4,"b:32:4:32:Infinity:undefined:undefined:undefined:undefined":0,"s:32:4:32:Infinity":7,"s:32:28:32:Infinity":8,"b:33:4:35:Infinity:undefined:undefined:undefined:undefined":1,"s:33:4:35:Infinity":9,"b:33:8:33:29:33:29:33:68":2,"s:34:6:34:Infinity":10,"b:36:4:38:Infinity:undefined:undefined:undefined:undefined":3,"s:36:4:38:Infinity":11,"b:36:8:36:39:36:39:36:65":4,"s:37:6:37:Infinity":12,"s:39:4:39:Infinity":13,"f:39:24:39:25":5,"s:39:31:39:43":14,"f:43:2:43:25":6,"s:44:4:44:Infinity":15,"f:50:2:50:47":7,"s:51:14:51:Infinity":16,"s:52:14:52:Infinity":17,"s:54:4:57:Infinity":18,"b:55:6:55:Infinity:undefined:undefined:undefined:undefined":5,"s:55:6:55:Infinity":19,"s:55:26:55:Infinity":20,"s:56:6:56:Infinity":21,"s:59:4:59:Infinity":22}}}
,"/home/usuario/prct05-objects-classes-interfaces-IkerMartinG/src/ejercicio-3/Step.ts": {"path":"/home/usuario/prct05-objects-classes-interfaces-IkerMartinG/src/ejercicio-3/Step.ts","statementMap":{"0":{"start":{"line":20,"column":4},"end":{"line":20,"column":null}},"1":{"start":{"line":21,"column":4},"end":{"line":21,"column":null}},"2":{"start":{"line":22,"column":4},"end":{"line":22,"column":null}},"3":{"start":{"line":23,"column":4},"end":{"line":23,"column":null}},"4":{"start":{"line":24,"column":4},"end":{"line":24,"column":null}},"5":{"start":{"line":25,"column":4},"end":{"line":25,"column":null}},"6":{"start":{"line":29,"column":4},"end":{"line":29,"column":null}},"7":{"start":{"line":33,"column":4},"end":{"line":33,"column":null}},"8":{"start":{"line":37,"column":4},"end":{"line":37,"column":null}},"9":{"start":{"line":41,"column":4},"end":{"line":41,"column":null}},"10":{"start":{"line":45,"column":4},"end":{"line":45,"column":null}},"11":{"start":{"line":50,"column":4},"end":{"line":50,"column":null}},"12":{"start":{"line":50,"column":27},"end":{"line":50,"column":null}},"13":{"start":{"line":51,"column":4},"end":{"line":51,"column":null}},"14":{"start":{"line":51,"column":28},"end":{"line":51,"column":null}},"15":{"start":{"line":52,"column":4},"end":{"line":52,"column":null}},"16":{"start":{"line":52,"column":35},"end":{"line":52,"column":null}},"17":{"start":{"line":53,"column":4},"end":{"line":54,"column":null}},"18":{"start":{"line":54,"column":6},"end":{"line":54,"column":null}}},"fnMap":{"0":{"name":"(anonymous_0)","decl":{"start":{"line":13,"column":2},"end":{"line":13,"column":null}},"loc":{"start":{"line":19,"column":4},"end":{"line":26,"column":null}},"line":19},"1":{"name":"(anonymous_1)","decl":{"start":{"line":28,"column":6},"end":{"line":28,"column":13}},"loc":{"start":{"line":28,"column":13},"end":{"line":30,"column":null}},"line":28},"2":{"name":"(anonymous_2)","decl":{"start":{"line":32,"column":6},"end":{"line":32,"column":17}},"loc":{"start":{"line":32,"column":17},"end":{"line":34,"column":null}},"line":32},"3":{"name":"(anonymous_3)","decl":{"start":{"line":36,"column":6},"end":{"line":36,"column":13}},"loc":{"start":{"line":36,"column":13},"end":{"line":38,"column":null}},"line":36},"4":{"name":"(anonymous_4)","decl":{"start":{"line":40,"column":6},"end":{"line":40,"column":17}},"loc":{"start":{"line":40,"column":17},"end":{"line":42,"column":null}},"line":40},"5":{"name":"(anonymous_5)","decl":{"start":{"line":44,"column":6},"end":{"line":44,"column":18}},"loc":{"start":{"line":44,"column":18},"end":{"line":46,"column":null}},"line":44},"6":{"name":"(anonymous_6)","decl":{"start":{"line":49,"column":2},"end":{"line":49,"column":19}},"loc":{"start":{"line":49,"column":19},"end":{"line":55,"column":null}},"line":49}},"branchMap":{"0":{"loc":{"start":{"line":50,"column":4},"end":{"line":50,"column":null}},"type":"if","locations":[{"start":{"line":50,"column":4},"end":{"line":50,"column":null}},{"start":{},"end":{}}],"line":50},"1":{"loc":{"start":{"line":51,"column":4},"end":{"line":51,"column":null}},"type":"if","locations":[{"start":{"line":51,"column":4},"end":{"line":51,"column":null}},{"start":{},"end":{}}],"line":51},"2":{"loc":{"start":{"line":52,"column":4},"end":{"line":52,"column":null}},"type":"if","locations":[{"start":{"line":52,"column":4},"end":{"line":52,"column":null}},{"start":{},"end":{}}],"line":52},"3":{"loc":{"start":{"line":53,"column":4},"end":{"line":54,"column":null}},"type":"if","locations":[{"start":{"line":53,"column":4},"end":{"line":54,"column":null}},{"start":{},"end":{}}],"line":53}},"s":{"0":8,"1":8,"2":8,"3":8,"4":8,"5":8,"6":18,"7":16,"8":16,"9":0,"10":14,"11":17,"12":1,"13":16,"14":16,"15":15,"16":15,"17":14,"18":0},"f":{"0":8,"1":18,"2":16,"3":16,"4":0,"5":14,"6":17},"b":{"0":[1,16],"1":[1,15],"2":[1,14],"3":[0,14]},"meta":{"lastBranch":4,"lastFunction":7,"lastStatement":19,"seen":{"f:13:2:13:Infinity":0,"s:20:4:20:Infinity":0,"s:21:4:21:Infinity":1,"s:22:4:22:Infinity":2,"s:23:4:23:Infinity":3,"s:24:4:24:Infinity":4,"s:25:4:25:Infinity":5,"f:28:6:28:13":1,"s:29:4:29:Infinity":6,"f:32:6:32:17":2,"s:33:4:33:Infinity":7,"f:36:6:36:13":3,"s:37:4:37:Infinity":8,"f:40:6:40:17":4,"s:41:4:41:Infinity":9,"f:44:6:44:18":5,"s:45:4:45:Infinity":10,"f:49:2:49:19":6,"b:50:4:50:Infinity:undefined:undefined:undefined:undefined":0,"s:50:4:50:Infinity":11,"s:50:27:50:Infinity":12,"b:51:4:51:Infinity:undefined:undefined:undefined:undefined":1,"s:51:4:51:Infinity":13,"s:51:28:51:Infinity":14,"b:52:4:52:Infinity:undefined:undefined:undefined:undefined":2,"s:52:4:52:Infinity":15,"s:52:35:52:Infinity":16,"b:53:4:54:Infinity:undefined:undefined:undefined:undefined":3,"s:53:4:54:Infinity":17,"s:54:6:54:Infinity":18}}}
,"/home/usuario/prct05-objects-classes-interfaces-IkerMartinG/src/ejercicio-4/Doctor.ts": {"path":"/home/usuario/prct05-objects-classes-interfaces-IkerMartinG/src/ejercicio-4/Doctor.ts","statementMap":{"0":{"start":{"line":16,"column":4},"end":{"line":16,"column":null}},"1":{"start":{"line":17,"column":4},"end":{"line":17,"column":null}},"2":{"start":{"line":18,"column":4},"end":{"line":18,"column":null}},"3":{"start":{"line":19,"column":4},"end":{"line":19,"column":null}},"4":{"start":{"line":23,"column":4},"end":{"line":23,"column":null}},"5":{"start":{"line":27,"column":4},"end":{"line":27,"column":null}},"6":{"start":{"line":31,"column":4},"end":{"line":31,"column":null}},"7":{"start":{"line":36,"column":4},"end":{"line":38,"column":null}},"8":{"start":{"line":36,"column":33},"end":{"line":36,"column":52}},"9":{"start":{"line":37,"column":6},"end":{"line":37,"column":null}},"10":{"start":{"line":39,"column":4},"end":{"line":39,"column":null}},"11":{"start":{"line":44,"column":18},"end":{"line":44,"column":null}},"12":{"start":{"line":44,"column":48},"end":{"line":44,"column":67}},"13":{"start":{"line":45,"column":4},"end":{"line":47,"column":null}},"14":{"start":{"line":46,"column":6},"end":{"line":46,"column":null}},"15":{"start":{"line":48,"column":4},"end":{"line":48,"column":null}},"16":{"start":{"line":52,"column":4},"end":{"line":52,"column":null}},"17":{"start":{"line":52,"column":36},"end":{"line":52,"column":54}},"18":{"start":{"line":56,"column":4},"end":{"line":58,"column":null}},"19":{"start":{"line":57,"column":6},"end":{"line":57,"column":null}}},"fnMap":{"0":{"name":"(anonymous_0)","decl":{"start":{"line":15,"column":2},"end":{"line":15,"column":14}},"loc":{"start":{"line":15,"column":72},"end":{"line":20,"column":null}},"line":15},"1":{"name":"(anonymous_1)","decl":{"start":{"line":22,"column":6},"end":{"line":22,"column":26}},"loc":{"start":{"line":22,"column":26},"end":{"line":24,"column":null}},"line":22},"2":{"name":"(anonymous_2)","decl":{"start":{"line":26,"column":9},"end":{"line":26,"column":27}},"loc":{"start":{"line":26,"column":27},"end":{"line":28,"column":null}},"line":26},"3":{"name":"(anonymous_3)","decl":{"start":{"line":30,"column":6},"end":{"line":30,"column":28}},"loc":{"start":{"line":30,"column":28},"end":{"line":32,"column":null}},"line":30},"4":{"name":"(anonymous_4)","decl":{"start":{"line":35,"column":9},"end":{"line":35,"column":23}},"loc":{"start":{"line":35,"column":47},"end":{"line":40,"column":null}},"line":35},"5":{"name":"(anonymous_5)","decl":{"start":{"line":36,"column":28},"end":{"line":36,"column":33}},"loc":{"start":{"line":36,"column":33},"end":{"line":36,"column":52}},"line":36},"6":{"name":"(anonymous_6)","decl":{"start":{"line":43,"column":9},"end":{"line":43,"column":23}},"loc":{"start":{"line":43,"column":47},"end":{"line":49,"column":null}},"line":43},"7":{"name":"(anonymous_7)","decl":{"start":{"line":44,"column":43},"end":{"line":44,"column":48}},"loc":{"start":{"line":44,"column":48},"end":{"line":44,"column":67}},"line":44},"8":{"name":"(anonymous_8)","decl":{"start":{"line":51,"column":9},"end":{"line":51,"column":20}},"loc":{"start":{"line":51,"column":48},"end":{"line":53,"column":null}},"line":51},"9":{"name":"(anonymous_9)","decl":{"start":{"line":52,"column":31},"end":{"line":52,"column":36}},"loc":{"start":{"line":52,"column":36},"end":{"line":52,"column":54}},"line":52},"10":{"name":"(anonymous_10)","decl":{"start":{"line":55,"column":10},"end":{"line":55,"column":33}},"loc":{"start":{"line":55,"column":33},"end":{"line":59,"column":null}},"line":55}},"branchMap":{"0":{"loc":{"start":{"line":36,"column":4},"end":{"line":38,"column":null}},"type":"if","locations":[{"start":{"line":36,"column":4},"end":{"line":38,"column":null}},{"start":{},"end":{}}],"line":36},"1":{"loc":{"start":{"line":45,"column":4},"end":{"line":47,"column":null}},"type":"if","locations":[{"start":{"line":45,"column":4},"end":{"line":47,"column":null}},{"start":{},"end":{}}],"line":45},"2":{"loc":{"start":{"line":56,"column":4},"end":{"line":58,"column":null}},"type":"if","locations":[{"start":{"line":56,"column":4},"end":{"line":58,"column":null}},{"start":{},"end":{}}],"line":56},"3":{"loc":{"start":{"line":56,"column":8},"end":{"line":56,"column":53}},"type":"binary-expr","locations":[{"start":{"line":56,"column":8},"end":{"line":56,"column":28}},{"start":{"line":56,"column":28},"end":{"line":56,"column":53}}],"line":56}},"s":{"0":11,"1":11,"2":11,"3":11,"4":1,"5":1,"6":3,"7":8,"8":2,"9":2,"10":6,"11":2,"12":2,"13":2,"14":1,"15":1,"16":1,"17":1,"18":11,"19":0},"f":{"0":11,"1":1,"2":1,"3":3,"4":8,"5":2,"6":2,"7":2,"8":1,"9":1,"10":11},"b":{"0":[2,6],"1":[1,1],"2":[0,11],"3":[11,11]},"meta":{"lastBranch":4,"lastFunction":11,"lastStatement":20,"seen":{"f:15:2:15:14":0,"s:16:4:16:Infinity":0,"s:17:4:17:Infinity":1,"s:18:4:18:Infinity":2,"s:19:4:19:Infinity":3,"f:22:6:22:26":1,"s:23:4:23:Infinity":4,"f:26:9:26:27":2,"s:27:4:27:Infinity":5,"f:30:6:30:28":3,"s:31:4:31:Infinity":6,"f:35:9:35:23":4,"b:36:4:38:Infinity:undefined:undefined:undefined:undefined":0,"s:36:4:38:Infinity":7,"f:36:28:36:33":5,"s:36:33:36:52":8,"s:37:6:37:Infinity":9,"s:39:4:39:Infinity":10,"f:43:9:43:23":6,"s:44:18:44:Infinity":11,"f:44:43:44:48":7,"s:44:48:44:67":12,"b:45:4:47:Infinity:undefined:undefined:undefined:undefined":1,"s:45:4:47:Infinity":13,"s:46:6:46:Infinity":14,"s:48:4:48:Infinity":15,"f:51:9:51:20":8,"s:52:4:52:Infinity":16,"f:52:31:52:36":9,"s:52:36:52:54":17,"f:55:10:55:33":10,"b:56:4:58:Infinity:undefined:undefined:undefined:undefined":2,"s:56:4:58:Infinity":18,"b:56:8:56:28:56:28:56:53":3,"s:57:6:57:Infinity":19}}}
,"/home/usuario/prct05-objects-classes-interfaces-IkerMartinG/src/ejercicio-4/Hospital.ts": {"path":"/home/usuario/prct05-objects-classes-interfaces-IkerMartinG/src/ejercicio-4/Hospital.ts","statementMap":{"0":{"start":{"line":17,"column":4},"end":{"line":17,"column":null}},"1":{"start":{"line":18,"column":4},"end":{"line":18,"column":null}},"2":{"start":{"line":19,"column":4},"end":{"line":19,"column":null}},"3":{"start":{"line":20,"column":4},"end":{"line":20,"column":null}},"4":{"start":{"line":24,"column":4},"end":{"line":24,"column":null}},"5":{"start":{"line":28,"column":4},"end":{"line":28,"column":null}},"6":{"start":{"line":32,"column":4},"end":{"line":32,"column":null}},"7":{"start":{"line":36,"column":4},"end":{"line":38,"column":null}},"8":{"start":{"line":36,"column":32},"end":{"line":36,"column":50}},"9":{"start":{"line":37,"column":6},"end":{"line":37,"column":null}},"10":{"start":{"line":39,"column":4},"end":{"line":39,"column":null}},"11":{"start":{"line":43,"column":4},"end":{"line":45,"column":null}},"12":{"start":{"line":43,"column":33},"end":{"line":43,"column":52}},"13":{"start":{"line":44,"column":6},"end":{"line":44,"column":null}},"14":{"start":{"line":46,"column":4},"end":{"line":46,"column":null}},"15":{"start":{"line":50,"column":4},"end":{"line":50,"column":null}},"16":{"start":{"line":50,"column":35},"end":{"line":50,"column":46}},"17":{"start":{"line":54,"column":4},"end":{"line":54,"column":null}},"18":{"start":{"line":54,"column":36},"end":{"line":54,"column":47}},"19":{"start":{"line":58,"column":19},"end":{"line":58,"column":null}},"20":{"start":{"line":59,"column":20},"end":{"line":59,"column":null}},"21":{"start":{"line":61,"column":4},"end":{"line":61,"column":null}},"22":{"start":{"line":61,"column":17},"end":{"line":61,"column":null}},"23":{"start":{"line":62,"column":4},"end":{"line":62,"column":null}},"24":{"start":{"line":62,"column":18},"end":{"line":62,"column":null}},"25":{"start":{"line":64,"column":4},"end":{"line":64,"column":null}},"26":{"start":{"line":68,"column":19},"end":{"line":68,"column":null}},"27":{"start":{"line":69,"column":4},"end":{"line":69,"column":null}},"28":{"start":{"line":69,"column":17},"end":{"line":69,"column":null}},"29":{"start":{"line":70,"column":4},"end":{"line":70,"column":null}},"30":{"start":{"line":74,"column":20},"end":{"line":74,"column":null}},"31":{"start":{"line":75,"column":4},"end":{"line":75,"column":null}},"32":{"start":{"line":75,"column":18},"end":{"line":75,"column":null}},"33":{"start":{"line":76,"column":4},"end":{"line":76,"column":null}},"34":{"start":{"line":80,"column":20},"end":{"line":80,"column":null}},"35":{"start":{"line":81,"column":4},"end":{"line":81,"column":null}},"36":{"start":{"line":81,"column":18},"end":{"line":81,"column":null}},"37":{"start":{"line":82,"column":4},"end":{"line":82,"column":null}},"38":{"start":{"line":86,"column":4},"end":{"line":88,"column":null}},"39":{"start":{"line":87,"column":6},"end":{"line":87,"column":null}}},"fnMap":{"0":{"name":"(anonymous_0)","decl":{"start":{"line":16,"column":2},"end":{"line":16,"column":14}},"loc":{"start":{"line":16,"column":28},"end":{"line":21,"column":null}},"line":16},"1":{"name":"(anonymous_1)","decl":{"start":{"line":23,"column":6},"end":{"line":23,"column":21}},"loc":{"start":{"line":23,"column":21},"end":{"line":25,"column":null}},"line":23},"2":{"name":"(anonymous_2)","decl":{"start":{"line":27,"column":6},"end":{"line":27,"column":26}},"loc":{"start":{"line":27,"column":26},"end":{"line":29,"column":null}},"line":27},"3":{"name":"(anonymous_3)","decl":{"start":{"line":31,"column":6},"end":{"line":31,"column":28}},"loc":{"start":{"line":31,"column":28},"end":{"line":33,"column":null}},"line":31},"4":{"name":"(anonymous_4)","decl":{"start":{"line":35,"column":9},"end":{"line":35,"column":19}},"loc":{"start":{"line":35,"column":41},"end":{"line":40,"column":null}},"line":35},"5":{"name":"(anonymous_5)","decl":{"start":{"line":36,"column":27},"end":{"line":36,"column":32}},"loc":{"start":{"line":36,"column":32},"end":{"line":36,"column":50}},"line":36},"6":{"name":"(anonymous_6)","decl":{"start":{"line":42,"column":9},"end":{"line":42,"column":20}},"loc":{"start":{"line":42,"column":44},"end":{"line":47,"column":null}},"line":42},"7":{"name":"(anonymous_7)","decl":{"start":{"line":43,"column":28},"end":{"line":43,"column":33}},"loc":{"start":{"line":43,"column":33},"end":{"line":43,"column":52}},"line":43},"8":{"name":"(anonymous_8)","decl":{"start":{"line":49,"column":9},"end":{"line":49,"column":24}},"loc":{"start":{"line":49,"column":56},"end":{"line":51,"column":null}},"line":49},"9":{"name":"(anonymous_9)","decl":{"start":{"line":50,"column":30},"end":{"line":50,"column":35}},"loc":{"start":{"line":50,"column":35},"end":{"line":50,"column":46}},"line":50},"10":{"name":"(anonymous_10)","decl":{"start":{"line":53,"column":9},"end":{"line":53,"column":25}},"loc":{"start":{"line":53,"column":58},"end":{"line":55,"column":null}},"line":53},"11":{"name":"(anonymous_11)","decl":{"start":{"line":54,"column":31},"end":{"line":54,"column":36}},"loc":{"start":{"line":54,"column":36},"end":{"line":54,"column":47}},"line":54},"12":{"name":"(anonymous_12)","decl":{"start":{"line":57,"column":9},"end":{"line":57,"column":31}},"loc":{"start":{"line":57,"column":74},"end":{"line":65,"column":null}},"line":57},"13":{"name":"(anonymous_13)","decl":{"start":{"line":67,"column":9},"end":{"line":67,"column":29}},"loc":{"start":{"line":67,"column":58},"end":{"line":71,"column":null}},"line":67},"14":{"name":"(anonymous_14)","decl":{"start":{"line":73,"column":9},"end":{"line":73,"column":22}},"loc":{"start":{"line":73,"column":47},"end":{"line":77,"column":null}},"line":73},"15":{"name":"(anonymous_15)","decl":{"start":{"line":79,"column":9},"end":{"line":79,"column":26}},"loc":{"start":{"line":79,"column":51},"end":{"line":83,"column":null}},"line":79},"16":{"name":"(anonymous_16)","decl":{"start":{"line":85,"column":10},"end":{"line":85,"column":27}},"loc":{"start":{"line":85,"column":27},"end":{"line":89,"column":null}},"line":85}},"branchMap":{"0":{"loc":{"start":{"line":36,"column":4},"end":{"line":38,"column":null}},"type":"if","locations":[{"start":{"line":36,"column":4},"end":{"line":38,"column":null}},{"start":{},"end":{}}],"line":36},"1":{"loc":{"start":{"line":43,"column":4},"end":{"line":45,"column":null}},"type":"if","locations":[{"start":{"line":43,"column":4},"end":{"line":45,"column":null}},{"start":{},"end":{}}],"line":43},"2":{"loc":{"start":{"line":61,"column":4},"end":{"line":61,"column":null}},"type":"if","locations":[{"start":{"line":61,"column":4},"end":{"line":61,"column":null}},{"start":{},"end":{}}],"line":61},"3":{"loc":{"start":{"line":62,"column":4},"end":{"line":62,"column":null}},"type":"if","locations":[{"start":{"line":62,"column":4},"end":{"line":62,"column":null}},{"start":{},"end":{}}],"line":62},"4":{"loc":{"start":{"line":69,"column":4},"end":{"line":69,"column":null}},"type":"if","locations":[{"start":{"line":69,"column":4},"end":{"line":69,"column":null}},{"start":{},"end":{}}],"line":69},"5":{"loc":{"start":{"line":75,"column":4},"end":{"line":75,"column":null}},"type":"if","locations":[{"start":{"line":75,"column":4},"end":{"line":75,"column":null}},{"start":{},"end":{}}],"line":75},"6":{"loc":{"start":{"line":81,"column":4},"end":{"line":81,"column":null}},"type":"if","locations":[{"start":{"line":81,"column":4},"end":{"line":81,"column":null}},{"start":{},"end":{}}],"line":81},"7":{"loc":{"start":{"line":86,"column":4},"end":{"line":88,"column":null}},"type":"if","locations":[{"start":{"line":86,"column":4},"end":{"line":88,"column":null}},{"start":{},"end":{}}],"line":86},"8":{"loc":{"start":{"line":86,"column":8},"end":{"line":86,"column":43}},"type":"binary-expr","locations":[{"start":{"line":86,"column":8},"end":{"line":86,"column":23}},{"start":{"line":86,"column":23},"end":{"line":86,"column":43}}],"line":86}},"s":{"0":8,"1":8,"2":8,"3":8,"4":1,"5":1,"6":1,"7":6,"8":1,"9":1,"10":5,"11":6,"12":1,"13":1,"14":5,"15":4,"16":4,"17":7,"18":7,"19":3,"20":3,"21":3,"22":0,"23":3,"24":0,"25":3,"26":1,"27":1,"28":0,"29":1,"30":1,"31":1,"32":0,"33":1,"34":1,"35":1,"36":0,"37":1,"38":8,"39":1},"f":{"0":8,"1":1,"2":1,"3":1,"4":6,"5":1,"6":6,"7":1,"8":4,"9":4,"10":7,"11":7,"12":3,"13":1,"14":1,"15":1,"16":8},"b":{"0":[1,5],"1":[1,5],"2":[0,3],"3":[0,3],"4":[0,1],"5":[0,1],"6":[0,1],"7":[1,7],"8":[8,7]},"meta":{"lastBranch":9,"lastFunction":17,"lastStatement":40,"seen":{"f:16:2:16:14":0,"s:17:4:17:Infinity":0,"s:18:4:18:Infinity":1,"s:19:4:19:Infinity":2,"s:20:4:20:Infinity":3,"f:23:6:23:21":1,"s:24:4:24:Infinity":4,"f:27:6:27:26":2,"s:28:4:28:Infinity":5,"f:31:6:31:28":3,"s:32:4:32:Infinity":6,"f:35:9:35:19":4,"b:36:4:38:Infinity:undefined:undefined:undefined:undefined":0,"s:36:4:38:Infinity":7,"f:36:27:36:32":5,"s:36:32:36:50":8,"s:37:6:37:Infinity":9,"s:39:4:39:Infinity":10,"f:42:9:42:20":6,"b:43:4:45:Infinity:undefined:undefined:undefined:undefined":1,"s:43:4:45:Infinity":11,"f:43:28:43:33":7,"s:43:33:43:52":12,"s:44:6:44:Infinity":13,"s:46:4:46:Infinity":14,"f:49:9:49:24":8,"s:50:4:50:Infinity":15,"f:50:30:50:35":9,"s:50:35:50:46":16,"f:53:9:53:25":10,"s:54:4:54:Infinity":17,"f:54:31:54:36":11,"s:54:36:54:47":18,"f:57:9:57:31":12,"s:58:19:58:Infinity":19,"s:59:20:59:Infinity":20,"b:61:4:61:Infinity:undefined:undefined:undefined:undefined":2,"s:61:4:61:Infinity":21,"s:61:17:61:Infinity":22,"b:62:4:62:Infinity:undefined:undefined:undefined:undefined":3,"s:62:4:62:Infinity":23,"s:62:18:62:Infinity":24,"s:64:4:64:Infinity":25,"f:67:9:67:29":13,"s:68:19:68:Infinity":26,"b:69:4:69:Infinity:undefined:undefined:undefined:undefined":4,"s:69:4:69:Infinity":27,"s:69:17:69:Infinity":28,"s:70:4:70:Infinity":29,"f:73:9:73:22":14,"s:74:20:74:Infinity":30,"b:75:4:75:Infinity:undefined:undefined:undefined:undefined":5,"s:75:4:75:Infinity":31,"s:75:18:75:Infinity":32,"s:76:4:76:Infinity":33,"f:79:9:79:26":15,"s:80:20:80:Infinity":34,"b:81:4:81:Infinity:undefined:undefined:undefined:undefined":6,"s:81:4:81:Infinity":35,"s:81:18:81:Infinity":36,"s:82:4:82:Infinity":37,"f:85:10:85:27":16,"b:86:4:88:Infinity:undefined:undefined:undefined:undefined":7,"s:86:4:88:Infinity":38,"b:86:8:86:23:86:23:86:43":8,"s:87:6:87:Infinity":39}}}
,"/home/usuario/prct05-objects-classes-interfaces-IkerMartinG/src/ejercicio-4/Patient.ts": {"path":"/home/usuario/prct05-objects-classes-interfaces-IkerMartinG/src/ejercicio-4/Patient.ts","statementMap":{"0":{"start":{"line":23,"column":4},"end":{"line":23,"column":null}},"1":{"start":{"line":24,"column":4},"end":{"line":24,"column":null}},"2":{"start":{"line":25,"column":4},"end":{"line":25,"column":null}},"3":{"start":{"line":26,"column":4},"end":{"line":26,"column":null}},"4":{"start":{"line":27,"column":4},"end":{"line":27,"column":null}},"5":{"start":{"line":31,"column":4},"end":{"line":31,"column":null}},"6":{"start":{"line":35,"column":4},"end":{"line":35,"column":null}},"7":{"start":{"line":39,"column":4},"end":{"line":39,"column":null}},"8":{"start":{"line":43,"column":4},"end":{"line":43,"column":null}},"9":{"start":{"line":48,"column":20},"end":{"line":48,"column":null}},"10":{"start":{"line":49,"column":4},"end":{"line":49,"column":null}},"11":{"start":{"line":49,"column":18},"end":{"line":49,"column":null}},"12":{"start":{"line":50,"column":4},"end":{"line":52,"column":null}},"13":{"start":{"line":51,"column":6},"end":{"line":51,"column":null}},"14":{"start":{"line":56,"column":4},"end":{"line":56,"column":null}},"15":{"start":{"line":60,"column":4},"end":{"line":60,"column":null}},"16":{"start":{"line":64,"column":4},"end":{"line":66,"column":null}},"17":{"start":{"line":65,"column":6},"end":{"line":65,"column":null}},"18":{"start":{"line":67,"column":4},"end":{"line":69,"column":null}},"19":{"start":{"line":68,"column":6},"end":{"line":68,"column":null}}},"fnMap":{"0":{"name":"(anonymous_0)","decl":{"start":{"line":15,"column":2},"end":{"line":15,"column":null}},"loc":{"start":{"line":22,"column":4},"end":{"line":28,"column":null}},"line":22},"1":{"name":"(anonymous_1)","decl":{"start":{"line":30,"column":6},"end":{"line":30,"column":32}},"loc":{"start":{"line":30,"column":32},"end":{"line":32,"column":null}},"line":30},"2":{"name":"(anonymous_2)","decl":{"start":{"line":34,"column":6},"end":{"line":34,"column":29}},"loc":{"start":{"line":34,"column":29},"end":{"line":36,"column":null}},"line":34},"3":{"name":"(anonymous_3)","decl":{"start":{"line":38,"column":6},"end":{"line":38,"column":26}},"loc":{"start":{"line":38,"column":26},"end":{"line":40,"column":null}},"line":38},"4":{"name":"(anonymous_4)","decl":{"start":{"line":42,"column":9},"end":{"line":42,"column":27}},"loc":{"start":{"line":42,"column":27},"end":{"line":44,"column":null}},"line":42},"5":{"name":"(anonymous_5)","decl":{"start":{"line":47,"column":9},"end":{"line":47,"column":22}},"loc":{"start":{"line":47,"column":47},"end":{"line":53,"column":null}},"line":47},"6":{"name":"(anonymous_6)","decl":{"start":{"line":55,"column":9},"end":{"line":55,"column":23}},"loc":{"start":{"line":55,"column":23},"end":{"line":57,"column":null}},"line":55},"7":{"name":"(anonymous_7)","decl":{"start":{"line":59,"column":9},"end":{"line":59,"column":27}},"loc":{"start":{"line":59,"column":27},"end":{"line":61,"column":null}},"line":59},"8":{"name":"(anonymous_8)","decl":{"start":{"line":63,"column":10},"end":{"line":63,"column":34}},"loc":{"start":{"line":63,"column":34},"end":{"line":70,"column":null}},"line":63}},"branchMap":{"0":{"loc":{"start":{"line":20,"column":4},"end":{"line":20,"column":null}},"type":"default-arg","locations":[{"start":{"line":20,"column":27},"end":{"line":20,"column":null}}],"line":20},"1":{"loc":{"start":{"line":21,"column":4},"end":{"line":21,"column":null}},"type":"default-arg","locations":[{"start":{"line":21,"column":24},"end":{"line":21,"column":null}}],"line":21},"2":{"loc":{"start":{"line":49,"column":4},"end":{"line":49,"column":null}},"type":"if","locations":[{"start":{"line":49,"column":4},"end":{"line":49,"column":null}},{"start":{},"end":{}}],"line":49},"3":{"loc":{"start":{"line":50,"column":4},"end":{"line":52,"column":null}},"type":"if","locations":[{"start":{"line":50,"column":4},"end":{"line":52,"column":null}},{"start":{},"end":{}}],"line":50},"4":{"loc":{"start":{"line":64,"column":4},"end":{"line":66,"column":null}},"type":"if","locations":[{"start":{"line":64,"column":4},"end":{"line":66,"column":null}},{"start":{},"end":{}}],"line":64},"5":{"loc":{"start":{"line":64,"column":8},"end":{"line":64,"column":65}},"type":"binary-expr","locations":[{"start":{"line":64,"column":8},"end":{"line":64,"column":34}},{"start":{"line":64,"column":34},"end":{"line":64,"column":65}}],"line":64},"6":{"loc":{"start":{"line":67,"column":4},"end":{"line":69,"column":null}},"type":"if","locations":[{"start":{"line":67,"column":4},"end":{"line":69,"column":null}},{"start":{},"end":{}}],"line":67}},"s":{"0":14,"1":14,"2":14,"3":14,"4":14,"5":1,"6":2,"7":5,"8":0,"9":2,"10":2,"11":0,"12":2,"13":1,"14":2,"15":2,"16":14,"17":1,"18":13,"19":0},"f":{"0":14,"1":1,"2":2,"3":5,"4":0,"5":2,"6":2,"7":2,"8":14},"b":{"0":[14],"1":[14],"2":[0,2],"3":[1,1],"4":[1,13],"5":[14,13],"6":[0,13]},"meta":{"lastBranch":7,"lastFunction":9,"lastStatement":20,"seen":{"f:15:2:15:Infinity":0,"b:20:27:20:Infinity":0,"b:21:24:21:Infinity":1,"s:23:4:23:Infinity":0,"s:24:4:24:Infinity":1,"s:25:4:25:Infinity":2,"s:26:4:26:Infinity":3,"s:27:4:27:Infinity":4,"f:30:6:30:32":1,"s:31:4:31:Infinity":5,"f:34:6:34:29":2,"s:35:4:35:Infinity":6,"f:38:6:38:26":3,"s:39:4:39:Infinity":7,"f:42:9:42:27":4,"s:43:4:43:Infinity":8,"f:47:9:47:22":5,"s:48:20:48:Infinity":9,"b:49:4:49:Infinity:undefined:undefined:undefined:undefined":2,"s:49:4:49:Infinity":10,"s:49:18:49:Infinity":11,"b:50:4:52:Infinity:undefined:undefined:undefined:undefined":3,"s:50:4:52:Infinity":12,"s:51:6:51:Infinity":13,"f:55:9:55:23":6,"s:56:4:56:Infinity":14,"f:59:9:59:27":7,"s:60:4:60:Infinity":15,"f:63:10:63:34":8,"b:64:4:66:Infinity:undefined:undefined:undefined:undefined":4,"s:64:4:66:Infinity":16,"b:64:8:64:34:64:34:64:65":5,"s:65:6:65:Infinity":17,"b:67:4:69:Infinity:undefined:undefined:undefined:undefined":6,"s:67:4:69:Infinity":18,"s:68:6:68:Infinity":19}}}
,"/home/usuario/prct05-objects-classes-interfaces-IkerMartinG/src/ejercicio-4/Person.ts": {"path":"/home/usuario/prct05-objects-classes-interfaces-IkerMartinG/src/ejercicio-4/Person.ts","statementMap":{"0":{"start":{"line":25,"column":4},"end":{"line":25,"column":null}},"1":{"start":{"line":26,"column":4},"end":{"line":26,"column":null}},"2":{"start":{"line":27,"column":4},"end":{"line":27,"column":null}},"3":{"start":{"line":28,"column":4},"end":{"line":28,"column":null}},"4":{"start":{"line":32,"column":4},"end":{"line":32,"column":null}},"5":{"start":{"line":36,"column":4},"end":{"line":36,"column":null}},"6":{"start":{"line":40,"column":4},"end":{"line":40,"column":null}},"7":{"start":{"line":48,"column":4},"end":{"line":50,"column":null}},"8":{"start":{"line":49,"column":6},"end":{"line":49,"column":null}},"9":{"start":{"line":51,"column":4},"end":{"line":53,"column":null}},"10":{"start":{"line":52,"column":6},"end":{"line":52,"column":null}},"11":{"start":{"line":54,"column":4},"end":{"line":56,"column":null}},"12":{"start":{"line":55,"column":6},"end":{"line":55,"column":null}}},"fnMap":{"0":{"name":"(anonymous_0)","decl":{"start":{"line":24,"column":2},"end":{"line":24,"column":14}},"loc":{"start":{"line":24,"column":53},"end":{"line":29,"column":null}},"line":24},"1":{"name":"(anonymous_1)","decl":{"start":{"line":31,"column":6},"end":{"line":31,"column":19}},"loc":{"start":{"line":31,"column":19},"end":{"line":33,"column":null}},"line":31},"2":{"name":"(anonymous_2)","decl":{"start":{"line":35,"column":6},"end":{"line":35,"column":21}},"loc":{"start":{"line":35,"column":21},"end":{"line":37,"column":null}},"line":35},"3":{"name":"(anonymous_3)","decl":{"start":{"line":39,"column":6},"end":{"line":39,"column":20}},"loc":{"start":{"line":39,"column":20},"end":{"line":41,"column":null}},"line":39},"4":{"name":"(anonymous_4)","decl":{"start":{"line":47,"column":12},"end":{"line":47,"column":29}},"loc":{"start":{"line":47,"column":29},"end":{"line":57,"column":null}},"line":47}},"branchMap":{"0":{"loc":{"start":{"line":48,"column":4},"end":{"line":50,"column":null}},"type":"if","locations":[{"start":{"line":48,"column":4},"end":{"line":50,"column":null}},{"start":{},"end":{}}],"line":48},"1":{"loc":{"start":{"line":48,"column":8},"end":{"line":48,"column":39}},"type":"binary-expr","locations":[{"start":{"line":48,"column":8},"end":{"line":48,"column":21}},{"start":{"line":48,"column":21},"end":{"line":48,"column":39}}],"line":48},"2":{"loc":{"start":{"line":51,"column":4},"end":{"line":53,"column":null}},"type":"if","locations":[{"start":{"line":51,"column":4},"end":{"line":53,"column":null}},{"start":{},"end":{}}],"line":51},"3":{"loc":{"start":{"line":51,"column":8},"end":{"line":51,"column":43}},"type":"binary-expr","locations":[{"start":{"line":51,"column":8},"end":{"line":51,"column":23}},{"start":{"line":51,"column":23},"end":{"line":51,"column":43}}],"line":51},"4":{"loc":{"start":{"line":54,"column":4},"end":{"line":56,"column":null}},"type":"if","locations":[{"start":{"line":54,"column":4},"end":{"line":56,"column":null}},{"start":{},"end":{}}],"line":54},"5":{"loc":{"start":{"line":54,"column":8},"end":{"line":54,"column":56}},"type":"binary-expr","locations":[{"start":{"line":54,"column":8},"end":{"line":54,"column":40}},{"start":{"line":54,"column":40},"end":{"line":54,"column":56}}],"line":54}},"s":{"0":34,"1":34,"2":34,"3":34,"4":35,"5":2,"6":2,"7":34,"8":2,"9":32,"10":2,"11":30,"12":3},"f":{"0":34,"1":35,"2":2,"3":2,"4":34},"b":{"0":[2,32],"1":[34,33],"2":[2,30],"3":[32,31],"4":[3,27],"5":[30,29]},"meta":{"lastBranch":6,"lastFunction":5,"lastStatement":13,"seen":{"f:24:2:24:14":0,"s:25:4:25:Infinity":0,"s:26:4:26:Infinity":1,"s:27:4:27:Infinity":2,"s:28:4:28:Infinity":3,"f:31:6:31:19":1,"s:32:4:32:Infinity":4,"f:35:6:35:21":2,"s:36:4:36:Infinity":5,"f:39:6:39:20":3,"s:40:4:40:Infinity":6,"f:47:12:47:29":4,"b:48:4:50:Infinity:undefined:undefined:undefined:undefined":0,"s:48:4:50:Infinity":7,"b:48:8:48:21:48:21:48:39":1,"s:49:6:49:Infinity":8,"b:51:4:53:Infinity:undefined:undefined:undefined:undefined":2,"s:51:4:53:Infinity":9,"b:51:8:51:23:51:23:51:43":3,"s:52:6:52:Infinity":10,"b:54:4:56:Infinity:undefined:undefined:undefined:undefined":4,"s:54:4:56:Infinity":11,"b:54:8:54:40:54:40:54:56":5,"s:55:6:55:Infinity":12}}}
}
